ARM GAS  C:\Users\WORKBE~1\AppData\Local\Temp\cckCqkuw.s 			page 1


   1              		.syntax unified
   2              		.cpu cortex-m3
   3              		.fpu softvfp
   4              		.eabi_attribute 20, 1
   5              		.eabi_attribute 21, 1
   6              		.eabi_attribute 23, 3
   7              		.eabi_attribute 24, 1
   8              		.eabi_attribute 25, 1
   9              		.eabi_attribute 26, 1
  10              		.eabi_attribute 30, 6
  11              		.eabi_attribute 34, 1
  12              		.eabi_attribute 18, 4
  13              		.thumb
  14              		.file	"SWD_UpperPacketLayer.c"
  15              		.text
  16              	.Ltext0:
  17              		.cfi_sections	.debug_frame
  18              		.section	.text.Read_DAP,"ax",%progbits
  19              		.align	2
  20              		.global	Read_DAP
  21              		.thumb
  22              		.thumb_func
  23              		.type	Read_DAP, %function
  24              	Read_DAP:
  25              	.LFB0:
  26              		.file 1 "SWD_UpperPacketLayer.c"
   1:SWD_UpperPacketLayer.c **** /******************************************************************************
   2:SWD_UpperPacketLayer.c **** * File Name: Swd_UpperPacketLayer.c
   3:SWD_UpperPacketLayer.c **** * Version 1.0
   4:SWD_UpperPacketLayer.c **** *
   5:SWD_UpperPacketLayer.c **** * Description:
   6:SWD_UpperPacketLayer.c **** *  This file provides the source code for function associated with the upper
   7:SWD_UpperPacketLayer.c **** *  packet layer of the SWD protocol.
   8:SWD_UpperPacketLayer.c **** *
   9:SWD_UpperPacketLayer.c **** * Owner:
  10:SWD_UpperPacketLayer.c **** *	Tushar Rastogi, Application Engineer (tusr@cypress.com)
  11:SWD_UpperPacketLayer.c **** *
  12:SWD_UpperPacketLayer.c **** * Related Document:
  13:SWD_UpperPacketLayer.c **** *	AN84858 - PSoC 4 Programming using an External Microcontroller (HSSP)
  14:SWD_UpperPacketLayer.c **** *
  15:SWD_UpperPacketLayer.c **** * Hardware Dependency:
  16:SWD_UpperPacketLayer.c **** *   PSoC 5LP Development Kit - CY8CKIT-050
  17:SWD_UpperPacketLayer.c **** *
  18:SWD_UpperPacketLayer.c **** * Code Tested With:
  19:SWD_UpperPacketLayer.c **** *	PSoC Creator 3.2
  20:SWD_UpperPacketLayer.c **** *	ARM GCC 4.8.4
  21:SWD_UpperPacketLayer.c **** *	CY8CKIT-050
  22:SWD_UpperPacketLayer.c **** *
  23:SWD_UpperPacketLayer.c **** *******************************************************************************
  24:SWD_UpperPacketLayer.c **** * Copyright (2015), Cypress Semiconductor Corporation.
  25:SWD_UpperPacketLayer.c **** *******************************************************************************
  26:SWD_UpperPacketLayer.c **** * This software is owned by Cypress Semiconductor Corporation (Cypress) and is
  27:SWD_UpperPacketLayer.c **** * protected by and subject to worldwide patent protection (United States and
  28:SWD_UpperPacketLayer.c **** * foreign), United States copyright laws and international treaty provisions.
  29:SWD_UpperPacketLayer.c **** * Cypress hereby grants to licensee a personal, non-exclusive, non-transferable
  30:SWD_UpperPacketLayer.c **** * license to copy, use, modify, create derivative works of, and compile the
  31:SWD_UpperPacketLayer.c **** * Cypress Source Code and derivative works for the sole purpose of creating
ARM GAS  C:\Users\WORKBE~1\AppData\Local\Temp\cckCqkuw.s 			page 2


  32:SWD_UpperPacketLayer.c **** * custom software in support of licensee product to be used only in conjunction
  33:SWD_UpperPacketLayer.c **** * with a Cypress integrated circuit as specified in the applicable agreement.
  34:SWD_UpperPacketLayer.c **** * Any reproduction, modification, translation, compilation, or representation of
  35:SWD_UpperPacketLayer.c **** * this software except as specified above is prohibited without the express
  36:SWD_UpperPacketLayer.c **** * written permission of Cypress.
  37:SWD_UpperPacketLayer.c **** *
  38:SWD_UpperPacketLayer.c **** * Disclaimer: CYPRESS MAKES NO WARRANTY OF ANY KIND, EXPRESS OR IMPLIED, WITH
  39:SWD_UpperPacketLayer.c **** * REGARD TO THIS MATERIAL, INCLUDING, BUT NOT LIMITED TO, THE IMPLIED
  40:SWD_UpperPacketLayer.c **** * WARRANTIES OF MERCHANTABILITY AND FITNESS FOR A PARTICULAR PURPOSE.
  41:SWD_UpperPacketLayer.c **** * Cypress reserves the right to make changes without further notice to the
  42:SWD_UpperPacketLayer.c **** * materials described herein. Cypress does not assume any liability arising out
  43:SWD_UpperPacketLayer.c **** * of the application or use of any product or circuit described herein. Cypress
  44:SWD_UpperPacketLayer.c **** * does not authorize its products for use as critical components in life-support
  45:SWD_UpperPacketLayer.c **** * systems where a malfunction or failure may reasonably be expected to result in
  46:SWD_UpperPacketLayer.c **** * significant injury to the user. The inclusion of Cypress' product in a life-
  47:SWD_UpperPacketLayer.c **** * support systems application implies that the manufacturer assumes all risk of
  48:SWD_UpperPacketLayer.c **** * such use and in doing so indemnifies Cypress against all charges. Use may be
  49:SWD_UpperPacketLayer.c **** * limited by and subject to the applicable Cypress software license agreement.
  50:SWD_UpperPacketLayer.c **** 
  51:SWD_UpperPacketLayer.c **** ******************************************************************************/
  52:SWD_UpperPacketLayer.c **** 
  53:SWD_UpperPacketLayer.c **** /******************************************************************************
  54:SWD_UpperPacketLayer.c **** *   Header file Inclusion
  55:SWD_UpperPacketLayer.c **** ******************************************************************************/
  56:SWD_UpperPacketLayer.c **** #include "SWD_PacketLayer.h"
  57:SWD_UpperPacketLayer.c **** #include "SWD_UpperPacketLayer.h"
  58:SWD_UpperPacketLayer.c **** 
  59:SWD_UpperPacketLayer.c **** /******************************************************************************
  60:SWD_UpperPacketLayer.c **** *   Function Definitions
  61:SWD_UpperPacketLayer.c **** ******************************************************************************/
  62:SWD_UpperPacketLayer.c **** 
  63:SWD_UpperPacketLayer.c **** /******************************************************************************
  64:SWD_UpperPacketLayer.c **** * Function Name: Read_DAP
  65:SWD_UpperPacketLayer.c **** *******************************************************************************
  66:SWD_UpperPacketLayer.c **** *
  67:SWD_UpperPacketLayer.c **** * Summary:
  68:SWD_UpperPacketLayer.c **** *  Reads the Swd_DAP_Register and stores the returned 32 bit value
  69:SWD_UpperPacketLayer.c **** *
  70:SWD_UpperPacketLayer.c **** * Parameters:
  71:SWD_UpperPacketLayer.c **** *  swd_DAP_Register - MACROS for reading Debug Port and Access Port Register
  72:SWD_UpperPacketLayer.c **** *  data_32          - 32-bit variable containing the returned value
  73:SWD_UpperPacketLayer.c **** *
  74:SWD_UpperPacketLayer.c **** * Return:
  75:SWD_UpperPacketLayer.c **** *  None
  76:SWD_UpperPacketLayer.c **** *
  77:SWD_UpperPacketLayer.c **** ******************************************************************************/
  78:SWD_UpperPacketLayer.c **** void Read_DAP( unsigned char swd_DAP_Register, unsigned long *data_32)
  79:SWD_UpperPacketLayer.c **** {
  27              		.loc 1 79 0
  28              		.cfi_startproc
  29              		@ args = 0, pretend = 0, frame = 8
  30              		@ frame_needed = 1, uses_anonymous_args = 0
  31 0000 80B5     		push	{r7, lr}
  32              		.cfi_def_cfa_offset 8
  33              		.cfi_offset 7, -8
  34              		.cfi_offset 14, -4
  35 0002 82B0     		sub	sp, sp, #8
ARM GAS  C:\Users\WORKBE~1\AppData\Local\Temp\cckCqkuw.s 			page 3


  36              		.cfi_def_cfa_offset 16
  37 0004 00AF     		add	r7, sp, #0
  38              		.cfi_def_cfa_register 7
  39 0006 0346     		mov	r3, r0
  40 0008 3960     		str	r1, [r7]
  41 000a FB71     		strb	r3, [r7, #7]
  80:SWD_UpperPacketLayer.c ****     swd_PacketHeader = swd_DAP_Register;
  42              		.loc 1 80 0
  43 000c 0E4A     		ldr	r2, .L4
  44 000e FB79     		ldrb	r3, [r7, #7]
  45 0010 1370     		strb	r3, [r2]
  81:SWD_UpperPacketLayer.c ****     
  82:SWD_UpperPacketLayer.c ****     Swd_ReadPacket();
  46              		.loc 1 82 0
  47 0012 FFF7FEFF 		bl	Swd_ReadPacket
  83:SWD_UpperPacketLayer.c ****     if(swd_PacketAck != SWD_OK_ACK)
  48              		.loc 1 83 0
  49 0016 0D4B     		ldr	r3, .L4+4
  50 0018 1B78     		ldrb	r3, [r3]	@ zero_extendqisi2
  51 001a 012B     		cmp	r3, #1
  52 001c 00D0     		beq	.L2
  84:SWD_UpperPacketLayer.c ****     {
  85:SWD_UpperPacketLayer.c ****         return;
  53              		.loc 1 85 0
  54 001e 0FE0     		b	.L1
  55              	.L2:
  86:SWD_UpperPacketLayer.c ****     }
  87:SWD_UpperPacketLayer.c ****     
  88:SWD_UpperPacketLayer.c ****     *data_32 = (((unsigned long)swd_PacketData[3] << 24) | ((unsigned long)swd_PacketData[2] << 16)
  56              		.loc 1 88 0
  57 0020 0B4B     		ldr	r3, .L4+8
  58 0022 DB78     		ldrb	r3, [r3, #3]	@ zero_extendqisi2
  59 0024 1A06     		lsls	r2, r3, #24
  60 0026 0A4B     		ldr	r3, .L4+8
  61 0028 9B78     		ldrb	r3, [r3, #2]	@ zero_extendqisi2
  62 002a 1B04     		lsls	r3, r3, #16
  63 002c 1A43     		orrs	r2, r2, r3
  64 002e 084B     		ldr	r3, .L4+8
  65 0030 5B78     		ldrb	r3, [r3, #1]	@ zero_extendqisi2
  66 0032 1B02     		lsls	r3, r3, #8
  67 0034 1343     		orrs	r3, r3, r2
  68 0036 064A     		ldr	r2, .L4+8
  69 0038 1278     		ldrb	r2, [r2]	@ zero_extendqisi2
  70 003a 1A43     		orrs	r2, r2, r3
  71 003c 3B68     		ldr	r3, [r7]
  72 003e 1A60     		str	r2, [r3]
  73              	.L1:
  89:SWD_UpperPacketLayer.c **** }
  74              		.loc 1 89 0
  75 0040 0837     		adds	r7, r7, #8
  76              		.cfi_def_cfa_offset 8
  77 0042 BD46     		mov	sp, r7
  78              		.cfi_def_cfa_register 13
  79              		@ sp needed
  80 0044 80BD     		pop	{r7, pc}
  81              	.L5:
  82 0046 00BF     		.align	2
ARM GAS  C:\Users\WORKBE~1\AppData\Local\Temp\cckCqkuw.s 			page 4


  83              	.L4:
  84 0048 00000000 		.word	swd_PacketHeader
  85 004c 00000000 		.word	swd_PacketAck
  86 0050 00000000 		.word	swd_PacketData
  87              		.cfi_endproc
  88              	.LFE0:
  89              		.size	Read_DAP, .-Read_DAP
  90              		.section	.text.Write_DAP,"ax",%progbits
  91              		.align	2
  92              		.global	Write_DAP
  93              		.thumb
  94              		.thumb_func
  95              		.type	Write_DAP, %function
  96              	Write_DAP:
  97              	.LFB1:
  90:SWD_UpperPacketLayer.c **** 
  91:SWD_UpperPacketLayer.c **** /******************************************************************************
  92:SWD_UpperPacketLayer.c **** * Function Name: Write_DAP
  93:SWD_UpperPacketLayer.c **** *******************************************************************************
  94:SWD_UpperPacketLayer.c **** *
  95:SWD_UpperPacketLayer.c **** * Summary:
  96:SWD_UpperPacketLayer.c **** *  Writes a 32-bit value to swd_DAP_Register
  97:SWD_UpperPacketLayer.c **** *
  98:SWD_UpperPacketLayer.c **** * Parameters:
  99:SWD_UpperPacketLayer.c **** *  swd_DAP_Register - MACROS for writing to Debug Port and Access Port Register
 100:SWD_UpperPacketLayer.c **** *  data_32          - 32-bit variable containing the value to be written
 101:SWD_UpperPacketLayer.c **** *
 102:SWD_UpperPacketLayer.c **** * Return:
 103:SWD_UpperPacketLayer.c **** *  None
 104:SWD_UpperPacketLayer.c **** *
 105:SWD_UpperPacketLayer.c **** ******************************************************************************/
 106:SWD_UpperPacketLayer.c **** void Write_DAP( unsigned char swd_DAP_Register, unsigned long data_32)
 107:SWD_UpperPacketLayer.c **** {
  98              		.loc 1 107 0
  99              		.cfi_startproc
 100              		@ args = 0, pretend = 0, frame = 8
 101              		@ frame_needed = 1, uses_anonymous_args = 0
 102 0000 80B5     		push	{r7, lr}
 103              		.cfi_def_cfa_offset 8
 104              		.cfi_offset 7, -8
 105              		.cfi_offset 14, -4
 106 0002 82B0     		sub	sp, sp, #8
 107              		.cfi_def_cfa_offset 16
 108 0004 00AF     		add	r7, sp, #0
 109              		.cfi_def_cfa_register 7
 110 0006 0346     		mov	r3, r0
 111 0008 3960     		str	r1, [r7]
 112 000a FB71     		strb	r3, [r7, #7]
 108:SWD_UpperPacketLayer.c ****     swd_PacketHeader = swd_DAP_Register;
 113              		.loc 1 108 0
 114 000c 0D4A     		ldr	r2, .L7
 115 000e FB79     		ldrb	r3, [r7, #7]
 116 0010 1370     		strb	r3, [r2]
 109:SWD_UpperPacketLayer.c ****     
 110:SWD_UpperPacketLayer.c ****     swd_PacketData[3] = (unsigned char)(data_32 >> 24);
 117              		.loc 1 110 0
 118 0012 3B68     		ldr	r3, [r7]
ARM GAS  C:\Users\WORKBE~1\AppData\Local\Temp\cckCqkuw.s 			page 5


 119 0014 1B0E     		lsrs	r3, r3, #24
 120 0016 DAB2     		uxtb	r2, r3
 121 0018 0B4B     		ldr	r3, .L7+4
 122 001a DA70     		strb	r2, [r3, #3]
 111:SWD_UpperPacketLayer.c ****     swd_PacketData[2] = (unsigned char)(data_32 >> 16);
 123              		.loc 1 111 0
 124 001c 3B68     		ldr	r3, [r7]
 125 001e 1B0C     		lsrs	r3, r3, #16
 126 0020 DAB2     		uxtb	r2, r3
 127 0022 094B     		ldr	r3, .L7+4
 128 0024 9A70     		strb	r2, [r3, #2]
 112:SWD_UpperPacketLayer.c ****     swd_PacketData[1] = (unsigned char)(data_32 >> 8);
 129              		.loc 1 112 0
 130 0026 3B68     		ldr	r3, [r7]
 131 0028 1B0A     		lsrs	r3, r3, #8
 132 002a DAB2     		uxtb	r2, r3
 133 002c 064B     		ldr	r3, .L7+4
 134 002e 5A70     		strb	r2, [r3, #1]
 113:SWD_UpperPacketLayer.c ****     swd_PacketData[0] = (unsigned char)(data_32);
 135              		.loc 1 113 0
 136 0030 3B68     		ldr	r3, [r7]
 137 0032 DAB2     		uxtb	r2, r3
 138 0034 044B     		ldr	r3, .L7+4
 139 0036 1A70     		strb	r2, [r3]
 114:SWD_UpperPacketLayer.c ****     
 115:SWD_UpperPacketLayer.c ****     Swd_WritePacket();
 140              		.loc 1 115 0
 141 0038 FFF7FEFF 		bl	Swd_WritePacket
 116:SWD_UpperPacketLayer.c **** }
 142              		.loc 1 116 0
 143 003c 0837     		adds	r7, r7, #8
 144              		.cfi_def_cfa_offset 8
 145 003e BD46     		mov	sp, r7
 146              		.cfi_def_cfa_register 13
 147              		@ sp needed
 148 0040 80BD     		pop	{r7, pc}
 149              	.L8:
 150 0042 00BF     		.align	2
 151              	.L7:
 152 0044 00000000 		.word	swd_PacketHeader
 153 0048 00000000 		.word	swd_PacketData
 154              		.cfi_endproc
 155              	.LFE1:
 156              		.size	Write_DAP, .-Write_DAP
 157              		.section	.text.Read_IO,"ax",%progbits
 158              		.align	2
 159              		.global	Read_IO
 160              		.thumb
 161              		.thumb_func
 162              		.type	Read_IO, %function
 163              	Read_IO:
 164              	.LFB2:
 117:SWD_UpperPacketLayer.c **** 
 118:SWD_UpperPacketLayer.c **** /******************************************************************************
 119:SWD_UpperPacketLayer.c **** * Function Name: Read_IO
 120:SWD_UpperPacketLayer.c **** *******************************************************************************
 121:SWD_UpperPacketLayer.c **** *
ARM GAS  C:\Users\WORKBE~1\AppData\Local\Temp\cckCqkuw.s 			page 6


 122:SWD_UpperPacketLayer.c **** * Summary:
 123:SWD_UpperPacketLayer.c **** *  Reads 32-bit date from specified address of CPU address space.
 124:SWD_UpperPacketLayer.c **** *  Returns OK ACK if all SWD transactions succeeds (ACKed).
 125:SWD_UpperPacketLayer.c **** *
 126:SWD_UpperPacketLayer.c **** * Parameters:
 127:SWD_UpperPacketLayer.c **** *  addr_32 - Address from which the data has to be read from CPU address space
 128:SWD_UpperPacketLayer.c **** *  data_32 - 32-bit variable containing the read value
 129:SWD_UpperPacketLayer.c **** *
 130:SWD_UpperPacketLayer.c **** * Return:
 131:SWD_UpperPacketLayer.c **** *  Swd_PacketAck - Acknowledge packet for the last SWD transaction
 132:SWD_UpperPacketLayer.c **** *
 133:SWD_UpperPacketLayer.c **** *******************************************************************************/
 134:SWD_UpperPacketLayer.c **** unsigned char Read_IO( unsigned long addr_32, unsigned long *data_32)
 135:SWD_UpperPacketLayer.c **** {
 165              		.loc 1 135 0
 166              		.cfi_startproc
 167              		@ args = 0, pretend = 0, frame = 8
 168              		@ frame_needed = 1, uses_anonymous_args = 0
 169 0000 80B5     		push	{r7, lr}
 170              		.cfi_def_cfa_offset 8
 171              		.cfi_offset 7, -8
 172              		.cfi_offset 14, -4
 173 0002 82B0     		sub	sp, sp, #8
 174              		.cfi_def_cfa_offset 16
 175 0004 00AF     		add	r7, sp, #0
 176              		.cfi_def_cfa_register 7
 177 0006 7860     		str	r0, [r7, #4]
 178 0008 3960     		str	r1, [r7]
 136:SWD_UpperPacketLayer.c ****     Write_DAP(DPACC_AP_TAR_WRITE, addr_32);
 179              		.loc 1 136 0
 180 000a 8B20     		movs	r0, #139
 181 000c 7968     		ldr	r1, [r7, #4]
 182 000e FFF7FEFF 		bl	Write_DAP
 137:SWD_UpperPacketLayer.c ****     if (swd_PacketAck != SWD_OK_ACK)
 183              		.loc 1 137 0
 184 0012 114B     		ldr	r3, .L14
 185 0014 1B78     		ldrb	r3, [r3]	@ zero_extendqisi2
 186 0016 012B     		cmp	r3, #1
 187 0018 02D0     		beq	.L10
 138:SWD_UpperPacketLayer.c ****     {
 139:SWD_UpperPacketLayer.c ****         return (swd_PacketAck);
 188              		.loc 1 139 0
 189 001a 0F4B     		ldr	r3, .L14
 190 001c 1B78     		ldrb	r3, [r3]	@ zero_extendqisi2
 191 001e 17E0     		b	.L11
 192              	.L10:
 140:SWD_UpperPacketLayer.c ****     }
 141:SWD_UpperPacketLayer.c ****     
 142:SWD_UpperPacketLayer.c ****     Read_DAP(DPACC_AP_DRW_READ, data_32);
 193              		.loc 1 142 0
 194 0020 9F20     		movs	r0, #159
 195 0022 3968     		ldr	r1, [r7]
 196 0024 FFF7FEFF 		bl	Read_DAP
 143:SWD_UpperPacketLayer.c ****     if (swd_PacketAck != SWD_OK_ACK)
 197              		.loc 1 143 0
 198 0028 0B4B     		ldr	r3, .L14
 199 002a 1B78     		ldrb	r3, [r3]	@ zero_extendqisi2
ARM GAS  C:\Users\WORKBE~1\AppData\Local\Temp\cckCqkuw.s 			page 7


 200 002c 012B     		cmp	r3, #1
 201 002e 02D0     		beq	.L12
 144:SWD_UpperPacketLayer.c ****     {
 145:SWD_UpperPacketLayer.c ****         return (swd_PacketAck);
 202              		.loc 1 145 0
 203 0030 094B     		ldr	r3, .L14
 204 0032 1B78     		ldrb	r3, [r3]	@ zero_extendqisi2
 205 0034 0CE0     		b	.L11
 206              	.L12:
 146:SWD_UpperPacketLayer.c ****     }
 147:SWD_UpperPacketLayer.c ****         
 148:SWD_UpperPacketLayer.c ****     Read_DAP(DPACC_AP_DRW_READ, data_32);
 207              		.loc 1 148 0
 208 0036 9F20     		movs	r0, #159
 209 0038 3968     		ldr	r1, [r7]
 210 003a FFF7FEFF 		bl	Read_DAP
 149:SWD_UpperPacketLayer.c ****     if (swd_PacketAck != SWD_OK_ACK)
 211              		.loc 1 149 0
 212 003e 064B     		ldr	r3, .L14
 213 0040 1B78     		ldrb	r3, [r3]	@ zero_extendqisi2
 214 0042 012B     		cmp	r3, #1
 215 0044 02D0     		beq	.L13
 150:SWD_UpperPacketLayer.c ****     {
 151:SWD_UpperPacketLayer.c ****         return (swd_PacketAck);
 216              		.loc 1 151 0
 217 0046 044B     		ldr	r3, .L14
 218 0048 1B78     		ldrb	r3, [r3]	@ zero_extendqisi2
 219 004a 01E0     		b	.L11
 220              	.L13:
 152:SWD_UpperPacketLayer.c ****     }
 153:SWD_UpperPacketLayer.c ****     return (swd_PacketAck);
 221              		.loc 1 153 0
 222 004c 024B     		ldr	r3, .L14
 223 004e 1B78     		ldrb	r3, [r3]	@ zero_extendqisi2
 224              	.L11:
 154:SWD_UpperPacketLayer.c **** }
 225              		.loc 1 154 0
 226 0050 1846     		mov	r0, r3
 227 0052 0837     		adds	r7, r7, #8
 228              		.cfi_def_cfa_offset 8
 229 0054 BD46     		mov	sp, r7
 230              		.cfi_def_cfa_register 13
 231              		@ sp needed
 232 0056 80BD     		pop	{r7, pc}
 233              	.L15:
 234              		.align	2
 235              	.L14:
 236 0058 00000000 		.word	swd_PacketAck
 237              		.cfi_endproc
 238              	.LFE2:
 239              		.size	Read_IO, .-Read_IO
 240              		.section	.text.Write_IO,"ax",%progbits
 241              		.align	2
 242              		.global	Write_IO
 243              		.thumb
 244              		.thumb_func
 245              		.type	Write_IO, %function
ARM GAS  C:\Users\WORKBE~1\AppData\Local\Temp\cckCqkuw.s 			page 8


 246              	Write_IO:
 247              	.LFB3:
 155:SWD_UpperPacketLayer.c **** 
 156:SWD_UpperPacketLayer.c **** /******************************************************************************
 157:SWD_UpperPacketLayer.c **** * Function Name: Write_IO
 158:SWD_UpperPacketLayer.c **** *******************************************************************************
 159:SWD_UpperPacketLayer.c **** *
 160:SWD_UpperPacketLayer.c **** * Summary:
 161:SWD_UpperPacketLayer.c **** *  Writes 32-bit data into specified address of CPU address space.
 162:SWD_UpperPacketLayer.c **** *  Returns “true” if all SWD transactions succeeded (ACKed).
 163:SWD_UpperPacketLayer.c **** *
 164:SWD_UpperPacketLayer.c **** * Parameters:
 165:SWD_UpperPacketLayer.c **** *  addr_32 - Address at which the data has to be written in CPU address space
 166:SWD_UpperPacketLayer.c **** *  data_32 - 32-bit variable containing the value to be written
 167:SWD_UpperPacketLayer.c **** *
 168:SWD_UpperPacketLayer.c **** * Return:
 169:SWD_UpperPacketLayer.c **** *  swd_PacketAck - Acknowledge packet for the last SWD transaction
 170:SWD_UpperPacketLayer.c **** *
 171:SWD_UpperPacketLayer.c **** ******************************************************************************/
 172:SWD_UpperPacketLayer.c **** unsigned char Write_IO( unsigned long addr_32, unsigned long data_32)
 173:SWD_UpperPacketLayer.c **** {
 248              		.loc 1 173 0
 249              		.cfi_startproc
 250              		@ args = 0, pretend = 0, frame = 8
 251              		@ frame_needed = 1, uses_anonymous_args = 0
 252 0000 80B5     		push	{r7, lr}
 253              		.cfi_def_cfa_offset 8
 254              		.cfi_offset 7, -8
 255              		.cfi_offset 14, -4
 256 0002 82B0     		sub	sp, sp, #8
 257              		.cfi_def_cfa_offset 16
 258 0004 00AF     		add	r7, sp, #0
 259              		.cfi_def_cfa_register 7
 260 0006 7860     		str	r0, [r7, #4]
 261 0008 3960     		str	r1, [r7]
 174:SWD_UpperPacketLayer.c ****     Write_DAP(DPACC_AP_TAR_WRITE, addr_32);
 262              		.loc 1 174 0
 263 000a 8B20     		movs	r0, #139
 264 000c 7968     		ldr	r1, [r7, #4]
 265 000e FFF7FEFF 		bl	Write_DAP
 175:SWD_UpperPacketLayer.c ****     if (swd_PacketAck != SWD_OK_ACK)
 266              		.loc 1 175 0
 267 0012 0C4B     		ldr	r3, .L20
 268 0014 1B78     		ldrb	r3, [r3]	@ zero_extendqisi2
 269 0016 012B     		cmp	r3, #1
 270 0018 02D0     		beq	.L17
 176:SWD_UpperPacketLayer.c ****     {
 177:SWD_UpperPacketLayer.c ****         return (swd_PacketAck);
 271              		.loc 1 177 0
 272 001a 0A4B     		ldr	r3, .L20
 273 001c 1B78     		ldrb	r3, [r3]	@ zero_extendqisi2
 274 001e 0CE0     		b	.L18
 275              	.L17:
 178:SWD_UpperPacketLayer.c ****     }
 179:SWD_UpperPacketLayer.c ****     
 180:SWD_UpperPacketLayer.c ****     Write_DAP(DPACC_AP_DRW_WRITE, data_32);
 276              		.loc 1 180 0
ARM GAS  C:\Users\WORKBE~1\AppData\Local\Temp\cckCqkuw.s 			page 9


 277 0020 BB20     		movs	r0, #187
 278 0022 3968     		ldr	r1, [r7]
 279 0024 FFF7FEFF 		bl	Write_DAP
 181:SWD_UpperPacketLayer.c ****     if (swd_PacketAck != SWD_OK_ACK)
 280              		.loc 1 181 0
 281 0028 064B     		ldr	r3, .L20
 282 002a 1B78     		ldrb	r3, [r3]	@ zero_extendqisi2
 283 002c 012B     		cmp	r3, #1
 284 002e 02D0     		beq	.L19
 182:SWD_UpperPacketLayer.c ****     {
 183:SWD_UpperPacketLayer.c ****         return (swd_PacketAck);
 285              		.loc 1 183 0
 286 0030 044B     		ldr	r3, .L20
 287 0032 1B78     		ldrb	r3, [r3]	@ zero_extendqisi2
 288 0034 01E0     		b	.L18
 289              	.L19:
 184:SWD_UpperPacketLayer.c ****     }
 185:SWD_UpperPacketLayer.c ****     
 186:SWD_UpperPacketLayer.c ****     return (swd_PacketAck);
 290              		.loc 1 186 0
 291 0036 034B     		ldr	r3, .L20
 292 0038 1B78     		ldrb	r3, [r3]	@ zero_extendqisi2
 293              	.L18:
 187:SWD_UpperPacketLayer.c **** }
 294              		.loc 1 187 0
 295 003a 1846     		mov	r0, r3
 296 003c 0837     		adds	r7, r7, #8
 297              		.cfi_def_cfa_offset 8
 298 003e BD46     		mov	sp, r7
 299              		.cfi_def_cfa_register 13
 300              		@ sp needed
 301 0040 80BD     		pop	{r7, pc}
 302              	.L21:
 303 0042 00BF     		.align	2
 304              	.L20:
 305 0044 00000000 		.word	swd_PacketAck
 306              		.cfi_endproc
 307              	.LFE3:
 308              		.size	Write_IO, .-Write_IO
 309              		.text
 310              	.Letext0:
 311              		.file 2 "SWD_PacketLayer.h"
 312              		.section	.debug_info,"",%progbits
 313              	.Ldebug_info0:
 314 0000 3E010000 		.4byte	0x13e
 315 0004 0400     		.2byte	0x4
 316 0006 00000000 		.4byte	.Ldebug_abbrev0
 317 000a 04       		.byte	0x4
 318 000b 01       		.uleb128 0x1
 319 000c 53000000 		.4byte	.LASF13
 320 0010 01       		.byte	0x1
 321 0011 19000000 		.4byte	.LASF14
 322 0015 41010000 		.4byte	.LASF15
 323 0019 00000000 		.4byte	.Ldebug_ranges0+0
 324 001d 00000000 		.4byte	0
 325 0021 00000000 		.4byte	.Ldebug_line0
 326 0025 02       		.uleb128 0x2
ARM GAS  C:\Users\WORKBE~1\AppData\Local\Temp\cckCqkuw.s 			page 10


 327 0026 22010000 		.4byte	.LASF4
 328 002a 01       		.byte	0x1
 329 002b 4E       		.byte	0x4e
 330 002c 00000000 		.4byte	.LFB0
 331 0030 54000000 		.4byte	.LFE0-.LFB0
 332 0034 01       		.uleb128 0x1
 333 0035 9C       		.byte	0x9c
 334 0036 57000000 		.4byte	0x57
 335 003a 03       		.uleb128 0x3
 336 003b 00000000 		.4byte	.LASF0
 337 003f 01       		.byte	0x1
 338 0040 4E       		.byte	0x4e
 339 0041 57000000 		.4byte	0x57
 340 0045 02       		.uleb128 0x2
 341 0046 91       		.byte	0x91
 342 0047 77       		.sleb128 -9
 343 0048 03       		.uleb128 0x3
 344 0049 39010000 		.4byte	.LASF1
 345 004d 01       		.byte	0x1
 346 004e 4E       		.byte	0x4e
 347 004f 5E000000 		.4byte	0x5e
 348 0053 02       		.uleb128 0x2
 349 0054 91       		.byte	0x91
 350 0055 70       		.sleb128 -16
 351 0056 00       		.byte	0
 352 0057 04       		.uleb128 0x4
 353 0058 01       		.byte	0x1
 354 0059 08       		.byte	0x8
 355 005a EB000000 		.4byte	.LASF2
 356 005e 05       		.uleb128 0x5
 357 005f 04       		.byte	0x4
 358 0060 64000000 		.4byte	0x64
 359 0064 04       		.uleb128 0x4
 360 0065 04       		.byte	0x4
 361 0066 07       		.byte	0x7
 362 0067 39000000 		.4byte	.LASF3
 363 006b 02       		.uleb128 0x2
 364 006c E1000000 		.4byte	.LASF5
 365 0070 01       		.byte	0x1
 366 0071 6A       		.byte	0x6a
 367 0072 00000000 		.4byte	.LFB1
 368 0076 4C000000 		.4byte	.LFE1-.LFB1
 369 007a 01       		.uleb128 0x1
 370 007b 9C       		.byte	0x9c
 371 007c 9D000000 		.4byte	0x9d
 372 0080 03       		.uleb128 0x3
 373 0081 00000000 		.4byte	.LASF0
 374 0085 01       		.byte	0x1
 375 0086 6A       		.byte	0x6a
 376 0087 57000000 		.4byte	0x57
 377 008b 02       		.uleb128 0x2
 378 008c 91       		.byte	0x91
 379 008d 77       		.sleb128 -9
 380 008e 03       		.uleb128 0x3
 381 008f 39010000 		.4byte	.LASF1
 382 0093 01       		.byte	0x1
 383 0094 6A       		.byte	0x6a
ARM GAS  C:\Users\WORKBE~1\AppData\Local\Temp\cckCqkuw.s 			page 11


 384 0095 64000000 		.4byte	0x64
 385 0099 02       		.uleb128 0x2
 386 009a 91       		.byte	0x91
 387 009b 70       		.sleb128 -16
 388 009c 00       		.byte	0
 389 009d 06       		.uleb128 0x6
 390 009e 11000000 		.4byte	.LASF7
 391 00a2 01       		.byte	0x1
 392 00a3 86       		.byte	0x86
 393 00a4 57000000 		.4byte	0x57
 394 00a8 00000000 		.4byte	.LFB2
 395 00ac 5C000000 		.4byte	.LFE2-.LFB2
 396 00b0 01       		.uleb128 0x1
 397 00b1 9C       		.byte	0x9c
 398 00b2 D3000000 		.4byte	0xd3
 399 00b6 03       		.uleb128 0x3
 400 00b7 4B000000 		.4byte	.LASF6
 401 00bb 01       		.byte	0x1
 402 00bc 86       		.byte	0x86
 403 00bd 64000000 		.4byte	0x64
 404 00c1 02       		.uleb128 0x2
 405 00c2 91       		.byte	0x91
 406 00c3 74       		.sleb128 -12
 407 00c4 03       		.uleb128 0x3
 408 00c5 39010000 		.4byte	.LASF1
 409 00c9 01       		.byte	0x1
 410 00ca 86       		.byte	0x86
 411 00cb 5E000000 		.4byte	0x5e
 412 00cf 02       		.uleb128 0x2
 413 00d0 91       		.byte	0x91
 414 00d1 70       		.sleb128 -16
 415 00d2 00       		.byte	0
 416 00d3 06       		.uleb128 0x6
 417 00d4 30000000 		.4byte	.LASF8
 418 00d8 01       		.byte	0x1
 419 00d9 AC       		.byte	0xac
 420 00da 57000000 		.4byte	0x57
 421 00de 00000000 		.4byte	.LFB3
 422 00e2 48000000 		.4byte	.LFE3-.LFB3
 423 00e6 01       		.uleb128 0x1
 424 00e7 9C       		.byte	0x9c
 425 00e8 09010000 		.4byte	0x109
 426 00ec 03       		.uleb128 0x3
 427 00ed 4B000000 		.4byte	.LASF6
 428 00f1 01       		.byte	0x1
 429 00f2 AC       		.byte	0xac
 430 00f3 64000000 		.4byte	0x64
 431 00f7 02       		.uleb128 0x2
 432 00f8 91       		.byte	0x91
 433 00f9 74       		.sleb128 -12
 434 00fa 03       		.uleb128 0x3
 435 00fb 39010000 		.4byte	.LASF1
 436 00ff 01       		.byte	0x1
 437 0100 AC       		.byte	0xac
 438 0101 64000000 		.4byte	0x64
 439 0105 02       		.uleb128 0x2
 440 0106 91       		.byte	0x91
ARM GAS  C:\Users\WORKBE~1\AppData\Local\Temp\cckCqkuw.s 			page 12


 441 0107 70       		.sleb128 -16
 442 0108 00       		.byte	0
 443 0109 07       		.uleb128 0x7
 444 010a 11010000 		.4byte	.LASF9
 445 010e 02       		.byte	0x2
 446 010f 54       		.byte	0x54
 447 0110 57000000 		.4byte	0x57
 448 0114 07       		.uleb128 0x7
 449 0115 2B010000 		.4byte	.LASF10
 450 0119 02       		.byte	0x2
 451 011a 55       		.byte	0x55
 452 011b 57000000 		.4byte	0x57
 453 011f 08       		.uleb128 0x8
 454 0120 57000000 		.4byte	0x57
 455 0124 2F010000 		.4byte	0x12f
 456 0128 09       		.uleb128 0x9
 457 0129 2F010000 		.4byte	0x12f
 458 012d 03       		.byte	0x3
 459 012e 00       		.byte	0
 460 012f 04       		.uleb128 0x4
 461 0130 04       		.byte	0x4
 462 0131 07       		.byte	0x7
 463 0132 08010000 		.4byte	.LASF11
 464 0136 07       		.uleb128 0x7
 465 0137 F9000000 		.4byte	.LASF12
 466 013b 02       		.byte	0x2
 467 013c 56       		.byte	0x56
 468 013d 1F010000 		.4byte	0x11f
 469 0141 00       		.byte	0
 470              		.section	.debug_abbrev,"",%progbits
 471              	.Ldebug_abbrev0:
 472 0000 01       		.uleb128 0x1
 473 0001 11       		.uleb128 0x11
 474 0002 01       		.byte	0x1
 475 0003 25       		.uleb128 0x25
 476 0004 0E       		.uleb128 0xe
 477 0005 13       		.uleb128 0x13
 478 0006 0B       		.uleb128 0xb
 479 0007 03       		.uleb128 0x3
 480 0008 0E       		.uleb128 0xe
 481 0009 1B       		.uleb128 0x1b
 482 000a 0E       		.uleb128 0xe
 483 000b 55       		.uleb128 0x55
 484 000c 17       		.uleb128 0x17
 485 000d 11       		.uleb128 0x11
 486 000e 01       		.uleb128 0x1
 487 000f 10       		.uleb128 0x10
 488 0010 17       		.uleb128 0x17
 489 0011 00       		.byte	0
 490 0012 00       		.byte	0
 491 0013 02       		.uleb128 0x2
 492 0014 2E       		.uleb128 0x2e
 493 0015 01       		.byte	0x1
 494 0016 3F       		.uleb128 0x3f
 495 0017 19       		.uleb128 0x19
 496 0018 03       		.uleb128 0x3
 497 0019 0E       		.uleb128 0xe
ARM GAS  C:\Users\WORKBE~1\AppData\Local\Temp\cckCqkuw.s 			page 13


 498 001a 3A       		.uleb128 0x3a
 499 001b 0B       		.uleb128 0xb
 500 001c 3B       		.uleb128 0x3b
 501 001d 0B       		.uleb128 0xb
 502 001e 27       		.uleb128 0x27
 503 001f 19       		.uleb128 0x19
 504 0020 11       		.uleb128 0x11
 505 0021 01       		.uleb128 0x1
 506 0022 12       		.uleb128 0x12
 507 0023 06       		.uleb128 0x6
 508 0024 40       		.uleb128 0x40
 509 0025 18       		.uleb128 0x18
 510 0026 9642     		.uleb128 0x2116
 511 0028 19       		.uleb128 0x19
 512 0029 01       		.uleb128 0x1
 513 002a 13       		.uleb128 0x13
 514 002b 00       		.byte	0
 515 002c 00       		.byte	0
 516 002d 03       		.uleb128 0x3
 517 002e 05       		.uleb128 0x5
 518 002f 00       		.byte	0
 519 0030 03       		.uleb128 0x3
 520 0031 0E       		.uleb128 0xe
 521 0032 3A       		.uleb128 0x3a
 522 0033 0B       		.uleb128 0xb
 523 0034 3B       		.uleb128 0x3b
 524 0035 0B       		.uleb128 0xb
 525 0036 49       		.uleb128 0x49
 526 0037 13       		.uleb128 0x13
 527 0038 02       		.uleb128 0x2
 528 0039 18       		.uleb128 0x18
 529 003a 00       		.byte	0
 530 003b 00       		.byte	0
 531 003c 04       		.uleb128 0x4
 532 003d 24       		.uleb128 0x24
 533 003e 00       		.byte	0
 534 003f 0B       		.uleb128 0xb
 535 0040 0B       		.uleb128 0xb
 536 0041 3E       		.uleb128 0x3e
 537 0042 0B       		.uleb128 0xb
 538 0043 03       		.uleb128 0x3
 539 0044 0E       		.uleb128 0xe
 540 0045 00       		.byte	0
 541 0046 00       		.byte	0
 542 0047 05       		.uleb128 0x5
 543 0048 0F       		.uleb128 0xf
 544 0049 00       		.byte	0
 545 004a 0B       		.uleb128 0xb
 546 004b 0B       		.uleb128 0xb
 547 004c 49       		.uleb128 0x49
 548 004d 13       		.uleb128 0x13
 549 004e 00       		.byte	0
 550 004f 00       		.byte	0
 551 0050 06       		.uleb128 0x6
 552 0051 2E       		.uleb128 0x2e
 553 0052 01       		.byte	0x1
 554 0053 3F       		.uleb128 0x3f
ARM GAS  C:\Users\WORKBE~1\AppData\Local\Temp\cckCqkuw.s 			page 14


 555 0054 19       		.uleb128 0x19
 556 0055 03       		.uleb128 0x3
 557 0056 0E       		.uleb128 0xe
 558 0057 3A       		.uleb128 0x3a
 559 0058 0B       		.uleb128 0xb
 560 0059 3B       		.uleb128 0x3b
 561 005a 0B       		.uleb128 0xb
 562 005b 27       		.uleb128 0x27
 563 005c 19       		.uleb128 0x19
 564 005d 49       		.uleb128 0x49
 565 005e 13       		.uleb128 0x13
 566 005f 11       		.uleb128 0x11
 567 0060 01       		.uleb128 0x1
 568 0061 12       		.uleb128 0x12
 569 0062 06       		.uleb128 0x6
 570 0063 40       		.uleb128 0x40
 571 0064 18       		.uleb128 0x18
 572 0065 9642     		.uleb128 0x2116
 573 0067 19       		.uleb128 0x19
 574 0068 01       		.uleb128 0x1
 575 0069 13       		.uleb128 0x13
 576 006a 00       		.byte	0
 577 006b 00       		.byte	0
 578 006c 07       		.uleb128 0x7
 579 006d 34       		.uleb128 0x34
 580 006e 00       		.byte	0
 581 006f 03       		.uleb128 0x3
 582 0070 0E       		.uleb128 0xe
 583 0071 3A       		.uleb128 0x3a
 584 0072 0B       		.uleb128 0xb
 585 0073 3B       		.uleb128 0x3b
 586 0074 0B       		.uleb128 0xb
 587 0075 49       		.uleb128 0x49
 588 0076 13       		.uleb128 0x13
 589 0077 3F       		.uleb128 0x3f
 590 0078 19       		.uleb128 0x19
 591 0079 3C       		.uleb128 0x3c
 592 007a 19       		.uleb128 0x19
 593 007b 00       		.byte	0
 594 007c 00       		.byte	0
 595 007d 08       		.uleb128 0x8
 596 007e 01       		.uleb128 0x1
 597 007f 01       		.byte	0x1
 598 0080 49       		.uleb128 0x49
 599 0081 13       		.uleb128 0x13
 600 0082 01       		.uleb128 0x1
 601 0083 13       		.uleb128 0x13
 602 0084 00       		.byte	0
 603 0085 00       		.byte	0
 604 0086 09       		.uleb128 0x9
 605 0087 21       		.uleb128 0x21
 606 0088 00       		.byte	0
 607 0089 49       		.uleb128 0x49
 608 008a 13       		.uleb128 0x13
 609 008b 2F       		.uleb128 0x2f
 610 008c 0B       		.uleb128 0xb
 611 008d 00       		.byte	0
ARM GAS  C:\Users\WORKBE~1\AppData\Local\Temp\cckCqkuw.s 			page 15


 612 008e 00       		.byte	0
 613 008f 00       		.byte	0
 614              		.section	.debug_aranges,"",%progbits
 615 0000 34000000 		.4byte	0x34
 616 0004 0200     		.2byte	0x2
 617 0006 00000000 		.4byte	.Ldebug_info0
 618 000a 04       		.byte	0x4
 619 000b 00       		.byte	0
 620 000c 0000     		.2byte	0
 621 000e 0000     		.2byte	0
 622 0010 00000000 		.4byte	.LFB0
 623 0014 54000000 		.4byte	.LFE0-.LFB0
 624 0018 00000000 		.4byte	.LFB1
 625 001c 4C000000 		.4byte	.LFE1-.LFB1
 626 0020 00000000 		.4byte	.LFB2
 627 0024 5C000000 		.4byte	.LFE2-.LFB2
 628 0028 00000000 		.4byte	.LFB3
 629 002c 48000000 		.4byte	.LFE3-.LFB3
 630 0030 00000000 		.4byte	0
 631 0034 00000000 		.4byte	0
 632              		.section	.debug_ranges,"",%progbits
 633              	.Ldebug_ranges0:
 634 0000 00000000 		.4byte	.LFB0
 635 0004 54000000 		.4byte	.LFE0
 636 0008 00000000 		.4byte	.LFB1
 637 000c 4C000000 		.4byte	.LFE1
 638 0010 00000000 		.4byte	.LFB2
 639 0014 5C000000 		.4byte	.LFE2
 640 0018 00000000 		.4byte	.LFB3
 641 001c 48000000 		.4byte	.LFE3
 642 0020 00000000 		.4byte	0
 643 0024 00000000 		.4byte	0
 644              		.section	.debug_line,"",%progbits
 645              	.Ldebug_line0:
 646 0000 A8000000 		.section	.debug_str,"MS",%progbits,1
 646      02004200 
 646      00000201 
 646      FB0E0D00 
 646      01010101 
 647              	.LASF0:
 648 0000 7377645F 		.ascii	"swd_DAP_Register\000"
 648      4441505F 
 648      52656769 
 648      73746572 
 648      00
 649              	.LASF7:
 650 0011 52656164 		.ascii	"Read_IO\000"
 650      5F494F00 
 651              	.LASF14:
 652 0019 5357445F 		.ascii	"SWD_UpperPacketLayer.c\000"
 652      55707065 
 652      72506163 
 652      6B65744C 
 652      61796572 
 653              	.LASF8:
 654 0030 57726974 		.ascii	"Write_IO\000"
 654      655F494F 
ARM GAS  C:\Users\WORKBE~1\AppData\Local\Temp\cckCqkuw.s 			page 16


 654      00
 655              	.LASF3:
 656 0039 6C6F6E67 		.ascii	"long unsigned int\000"
 656      20756E73 
 656      69676E65 
 656      6420696E 
 656      7400
 657              	.LASF6:
 658 004b 61646472 		.ascii	"addr_32\000"
 658      5F333200 
 659              	.LASF13:
 660 0053 474E5520 		.ascii	"GNU C 4.9.3 20150303 (release) [ARM/embedded-4_9-br"
 660      4320342E 
 660      392E3320 
 660      32303135 
 660      30333033 
 661 0086 616E6368 		.ascii	"anch revision 221220] -mcpu=cortex-m3 -mthumb -g -O"
 661      20726576 
 661      6973696F 
 661      6E203232 
 661      31323230 
 662 00b9 30202D66 		.ascii	"0 -ffunction-sections -ffat-lto-objects\000"
 662      66756E63 
 662      74696F6E 
 662      2D736563 
 662      74696F6E 
 663              	.LASF5:
 664 00e1 57726974 		.ascii	"Write_DAP\000"
 664      655F4441 
 664      5000
 665              	.LASF2:
 666 00eb 756E7369 		.ascii	"unsigned char\000"
 666      676E6564 
 666      20636861 
 666      7200
 667              	.LASF12:
 668 00f9 7377645F 		.ascii	"swd_PacketData\000"
 668      5061636B 
 668      65744461 
 668      746100
 669              	.LASF11:
 670 0108 73697A65 		.ascii	"sizetype\000"
 670      74797065 
 670      00
 671              	.LASF9:
 672 0111 7377645F 		.ascii	"swd_PacketHeader\000"
 672      5061636B 
 672      65744865 
 672      61646572 
 672      00
 673              	.LASF4:
 674 0122 52656164 		.ascii	"Read_DAP\000"
 674      5F444150 
 674      00
 675              	.LASF10:
 676 012b 7377645F 		.ascii	"swd_PacketAck\000"
 676      5061636B 
ARM GAS  C:\Users\WORKBE~1\AppData\Local\Temp\cckCqkuw.s 			page 17


 676      65744163 
 676      6B00
 677              	.LASF1:
 678 0139 64617461 		.ascii	"data_32\000"
 678      5F333200 
 679              	.LASF15:
 680 0141 5C5C4745 		.ascii	"\\\\GEORGE-OFFICE2\\Users\\George\\Box Sync\\Backbo"
 680      4F524745 
 680      2D4F4646 
 680      49434532 
 680      5C557365 
 681 016e 6E655C44 		.ascii	"ne\\Design\\Testing\\TestStation\\Software\\HSSP\\A"
 681      65736967 
 681      6E5C5465 
 681      7374696E 
 681      675C5465 
 682 019b 4E383438 		.ascii	"N84858\\A_Hssp_Programmer.cydsn\000"
 682      35385C41 
 682      5F487373 
 682      705F5072 
 682      6F677261 
 683              		.ident	"GCC: (GNU Tools for ARM Embedded Processors) 4.9.3 20150303 (release) [ARM/embedded-4_9-br
