ARM GAS  C:\Users\WORKBE~1\AppData\Local\Temp\ccFxlvV3.s 			page 1


   1              		.syntax unified
   2              		.cpu cortex-m3
   3              		.fpu softvfp
   4              		.eabi_attribute 20, 1
   5              		.eabi_attribute 21, 1
   6              		.eabi_attribute 23, 3
   7              		.eabi_attribute 24, 1
   8              		.eabi_attribute 25, 1
   9              		.eabi_attribute 26, 1
  10              		.eabi_attribute 30, 6
  11              		.eabi_attribute 34, 1
  12              		.eabi_attribute 18, 4
  13              		.thumb
  14              		.file	"Timeout.c"
  15              		.text
  16              	.Ltext0:
  17              		.cfi_sections	.debug_frame
  18              		.section	.text.DelayHundredUs,"ax",%progbits
  19              		.align	2
  20              		.global	DelayHundredUs
  21              		.thumb
  22              		.thumb_func
  23              		.type	DelayHundredUs, %function
  24              	DelayHundredUs:
  25              	.LFB0:
  26              		.file 1 "Timeout.c"
   1:Timeout.c     **** /******************************************************************************
   2:Timeout.c     **** * File Name: Timeout.c
   3:Timeout.c     **** * Version 1.0
   4:Timeout.c     **** *
   5:Timeout.c     **** * Description:
   6:Timeout.c     **** *  This file provides source code for the delay routine used in the HSSP
   7:Timeout.c     **** *  application
   8:Timeout.c     **** *
   9:Timeout.c     **** * Owner:
  10:Timeout.c     **** *	Tushar Rastogi, Application Engineer (tusr@cypress.com)
  11:Timeout.c     **** *
  12:Timeout.c     **** * Related Document:
  13:Timeout.c     **** *	AN84858 - PSoC 4 Programming using an External Microcontroller (HSSP)
  14:Timeout.c     **** *
  15:Timeout.c     **** * Hardware Dependency:
  16:Timeout.c     **** *   PSoC 5LP Development Kit - CY8CKIT-050
  17:Timeout.c     **** *
  18:Timeout.c     **** * Code Tested With:
  19:Timeout.c     **** *	PSoC Creator 3.2
  20:Timeout.c     **** *	ARM GCC 4.8.4
  21:Timeout.c     **** *	CY8CKIT-050
  22:Timeout.c     **** *
  23:Timeout.c     **** *******************************************************************************
  24:Timeout.c     **** * Copyright (2015), Cypress Semiconductor Corporation.
  25:Timeout.c     **** *******************************************************************************
  26:Timeout.c     **** * This software is owned by Cypress Semiconductor Corporation (Cypress) and is
  27:Timeout.c     **** * protected by and subject to worldwide patent protection (United States and
  28:Timeout.c     **** * foreign), United States copyright laws and international treaty provisions.
  29:Timeout.c     **** * Cypress hereby grants to licensee a personal, non-exclusive, non-transferable
  30:Timeout.c     **** * license to copy, use, modify, create derivative works of, and compile the
  31:Timeout.c     **** * Cypress Source Code and derivative works for the sole purpose of creating
ARM GAS  C:\Users\WORKBE~1\AppData\Local\Temp\ccFxlvV3.s 			page 2


  32:Timeout.c     **** * custom software in support of licensee product to be used only in conjunction
  33:Timeout.c     **** * with a Cypress integrated circuit as specified in the applicable agreement.
  34:Timeout.c     **** * Any reproduction, modification, translation, compilation, or representation of
  35:Timeout.c     **** * this software except as specified above is prohibited without the express
  36:Timeout.c     **** * written permission of Cypress.
  37:Timeout.c     **** *
  38:Timeout.c     **** * Disclaimer: CYPRESS MAKES NO WARRANTY OF ANY KIND, EXPRESS OR IMPLIED, WITH
  39:Timeout.c     **** * REGARD TO THIS MATERIAL, INCLUDING, BUT NOT LIMITED TO, THE IMPLIED
  40:Timeout.c     **** * WARRANTIES OF MERCHANTABILITY AND FITNESS FOR A PARTICULAR PURPOSE.
  41:Timeout.c     **** * Cypress reserves the right to make changes without further notice to the
  42:Timeout.c     **** * materials described herein. Cypress does not assume any liability arising out
  43:Timeout.c     **** * of the application or use of any product or circuit described herein. Cypress
  44:Timeout.c     **** * does not authorize its products for use as critical components in life-support
  45:Timeout.c     **** * systems where a malfunction or failure may reasonably be expected to result in
  46:Timeout.c     **** * significant injury to the user. The inclusion of Cypress' product in a life-
  47:Timeout.c     **** * support systems application implies that the manufacturer assumes all risk of
  48:Timeout.c     **** * such use and in doing so indemnifies Cypress against all charges. Use may be
  49:Timeout.c     **** * limited by and subject to the applicable Cypress software license agreement.
  50:Timeout.c     **** 
  51:Timeout.c     **** ******************************************************************************/
  52:Timeout.c     **** 
  53:Timeout.c     **** /******************************************************************************
  54:Timeout.c     **** *   Header file Inclusion
  55:Timeout.c     **** ******************************************************************************/
  56:Timeout.c     **** #include "Timeout.h"
  57:Timeout.c     **** 
  58:Timeout.c     **** /******************************************************************************
  59:Timeout.c     **** *   Function Definitions
  60:Timeout.c     **** ******************************************************************************/
  61:Timeout.c     **** 
  62:Timeout.c     **** /******************************************************************************
  63:Timeout.c     **** * Function Name: DelayHundredUs
  64:Timeout.c     **** *******************************************************************************
  65:Timeout.c     **** *
  66:Timeout.c     **** * Summary:
  67:Timeout.c     **** *  Generates an approximate delay for 100 microseconds
  68:Timeout.c     **** *
  69:Timeout.c     **** * Parameters:
  70:Timeout.c     **** *  None.
  71:Timeout.c     **** *
  72:Timeout.c     **** * Return:
  73:Timeout.c     **** *  None.
  74:Timeout.c     **** *
  75:Timeout.c     **** * Note:
  76:Timeout.c     **** *  The delay is introduced by using a for loop with a predefined iteration
  77:Timeout.c     **** *  determined by the parameter XRES_PULSE_100US in the header file Timeout.h. 
  78:Timeout.c     **** *
  79:Timeout.c     **** ******************************************************************************/
  80:Timeout.c     **** 
  81:Timeout.c     **** void DelayHundredUs(void)
  82:Timeout.c     **** {
  27              		.loc 1 82 0
  28              		.cfi_startproc
  29              		@ args = 0, pretend = 0, frame = 8
  30              		@ frame_needed = 1, uses_anonymous_args = 0
  31              		@ link register save eliminated.
  32 0000 80B4     		push	{r7}
ARM GAS  C:\Users\WORKBE~1\AppData\Local\Temp\ccFxlvV3.s 			page 3


  33              		.cfi_def_cfa_offset 4
  34              		.cfi_offset 7, -4
  35 0002 83B0     		sub	sp, sp, #12
  36              		.cfi_def_cfa_offset 16
  37 0004 00AF     		add	r7, sp, #0
  38              		.cfi_def_cfa_register 7
  83:Timeout.c     ****     unsigned short timestamp;    
  84:Timeout.c     **** 
  85:Timeout.c     ****     /* Delay using a empty for loop */
  86:Timeout.c     ****     for(timestamp = 0; timestamp < XRES_PULSE_100US; timestamp++)
  39              		.loc 1 86 0
  40 0006 0023     		movs	r3, #0
  41 0008 FB80     		strh	r3, [r7, #6]	@ movhi
  42 000a 02E0     		b	.L2
  43              	.L3:
  44              		.loc 1 86 0 is_stmt 0 discriminator 3
  45 000c FB88     		ldrh	r3, [r7, #6]
  46 000e 0133     		adds	r3, r3, #1
  47 0010 FB80     		strh	r3, [r7, #6]	@ movhi
  48              	.L2:
  49              		.loc 1 86 0 discriminator 1
  50 0012 FB88     		ldrh	r3, [r7, #6]
  51 0014 40F25E22 		movw	r2, #606
  52 0018 9342     		cmp	r3, r2
  53 001a F7D9     		bls	.L3
  87:Timeout.c     ****     {
  88:Timeout.c     ****         
  89:Timeout.c     ****     }
  90:Timeout.c     **** }
  54              		.loc 1 90 0 is_stmt 1
  55 001c 0C37     		adds	r7, r7, #12
  56              		.cfi_def_cfa_offset 4
  57 001e BD46     		mov	sp, r7
  58              		.cfi_def_cfa_register 13
  59              		@ sp needed
  60 0020 5DF8047B 		ldr	r7, [sp], #4
  61              		.cfi_restore 7
  62              		.cfi_def_cfa_offset 0
  63 0024 7047     		bx	lr
  64              		.cfi_endproc
  65              	.LFE0:
  66              		.size	DelayHundredUs, .-DelayHundredUs
  67 0026 00BF     		.text
  68              	.Letext0:
  69              		.section	.debug_info,"",%progbits
  70              	.Ldebug_info0:
  71 0000 4D000000 		.4byte	0x4d
  72 0004 0400     		.2byte	0x4
  73 0006 00000000 		.4byte	.Ldebug_abbrev0
  74 000a 04       		.byte	0x4
  75 000b 01       		.uleb128 0x1
  76 000c 13000000 		.4byte	.LASF0
  77 0010 01       		.byte	0x1
  78 0011 BA000000 		.4byte	.LASF1
  79 0015 C4000000 		.4byte	.LASF2
  80 0019 00000000 		.4byte	.Ldebug_ranges0+0
  81 001d 00000000 		.4byte	0
ARM GAS  C:\Users\WORKBE~1\AppData\Local\Temp\ccFxlvV3.s 			page 4


  82 0021 00000000 		.4byte	.Ldebug_line0
  83 0025 02       		.uleb128 0x2
  84 0026 A1000000 		.4byte	.LASF3
  85 002a 01       		.byte	0x1
  86 002b 51       		.byte	0x51
  87 002c 00000000 		.4byte	.LFB0
  88 0030 26000000 		.4byte	.LFE0-.LFB0
  89 0034 01       		.uleb128 0x1
  90 0035 9C       		.byte	0x9c
  91 0036 49000000 		.4byte	0x49
  92 003a 03       		.uleb128 0x3
  93 003b B0000000 		.4byte	.LASF4
  94 003f 01       		.byte	0x1
  95 0040 53       		.byte	0x53
  96 0041 49000000 		.4byte	0x49
  97 0045 02       		.uleb128 0x2
  98 0046 91       		.byte	0x91
  99 0047 76       		.sleb128 -10
 100 0048 00       		.byte	0
 101 0049 04       		.uleb128 0x4
 102 004a 02       		.byte	0x2
 103 004b 07       		.byte	0x7
 104 004c 00000000 		.4byte	.LASF5
 105 0050 00       		.byte	0
 106              		.section	.debug_abbrev,"",%progbits
 107              	.Ldebug_abbrev0:
 108 0000 01       		.uleb128 0x1
 109 0001 11       		.uleb128 0x11
 110 0002 01       		.byte	0x1
 111 0003 25       		.uleb128 0x25
 112 0004 0E       		.uleb128 0xe
 113 0005 13       		.uleb128 0x13
 114 0006 0B       		.uleb128 0xb
 115 0007 03       		.uleb128 0x3
 116 0008 0E       		.uleb128 0xe
 117 0009 1B       		.uleb128 0x1b
 118 000a 0E       		.uleb128 0xe
 119 000b 55       		.uleb128 0x55
 120 000c 17       		.uleb128 0x17
 121 000d 11       		.uleb128 0x11
 122 000e 01       		.uleb128 0x1
 123 000f 10       		.uleb128 0x10
 124 0010 17       		.uleb128 0x17
 125 0011 00       		.byte	0
 126 0012 00       		.byte	0
 127 0013 02       		.uleb128 0x2
 128 0014 2E       		.uleb128 0x2e
 129 0015 01       		.byte	0x1
 130 0016 3F       		.uleb128 0x3f
 131 0017 19       		.uleb128 0x19
 132 0018 03       		.uleb128 0x3
 133 0019 0E       		.uleb128 0xe
 134 001a 3A       		.uleb128 0x3a
 135 001b 0B       		.uleb128 0xb
 136 001c 3B       		.uleb128 0x3b
 137 001d 0B       		.uleb128 0xb
 138 001e 27       		.uleb128 0x27
ARM GAS  C:\Users\WORKBE~1\AppData\Local\Temp\ccFxlvV3.s 			page 5


 139 001f 19       		.uleb128 0x19
 140 0020 11       		.uleb128 0x11
 141 0021 01       		.uleb128 0x1
 142 0022 12       		.uleb128 0x12
 143 0023 06       		.uleb128 0x6
 144 0024 40       		.uleb128 0x40
 145 0025 18       		.uleb128 0x18
 146 0026 9742     		.uleb128 0x2117
 147 0028 19       		.uleb128 0x19
 148 0029 01       		.uleb128 0x1
 149 002a 13       		.uleb128 0x13
 150 002b 00       		.byte	0
 151 002c 00       		.byte	0
 152 002d 03       		.uleb128 0x3
 153 002e 34       		.uleb128 0x34
 154 002f 00       		.byte	0
 155 0030 03       		.uleb128 0x3
 156 0031 0E       		.uleb128 0xe
 157 0032 3A       		.uleb128 0x3a
 158 0033 0B       		.uleb128 0xb
 159 0034 3B       		.uleb128 0x3b
 160 0035 0B       		.uleb128 0xb
 161 0036 49       		.uleb128 0x49
 162 0037 13       		.uleb128 0x13
 163 0038 02       		.uleb128 0x2
 164 0039 18       		.uleb128 0x18
 165 003a 00       		.byte	0
 166 003b 00       		.byte	0
 167 003c 04       		.uleb128 0x4
 168 003d 24       		.uleb128 0x24
 169 003e 00       		.byte	0
 170 003f 0B       		.uleb128 0xb
 171 0040 0B       		.uleb128 0xb
 172 0041 3E       		.uleb128 0x3e
 173 0042 0B       		.uleb128 0xb
 174 0043 03       		.uleb128 0x3
 175 0044 0E       		.uleb128 0xe
 176 0045 00       		.byte	0
 177 0046 00       		.byte	0
 178 0047 00       		.byte	0
 179              		.section	.debug_aranges,"",%progbits
 180 0000 1C000000 		.4byte	0x1c
 181 0004 0200     		.2byte	0x2
 182 0006 00000000 		.4byte	.Ldebug_info0
 183 000a 04       		.byte	0x4
 184 000b 00       		.byte	0
 185 000c 0000     		.2byte	0
 186 000e 0000     		.2byte	0
 187 0010 00000000 		.4byte	.LFB0
 188 0014 26000000 		.4byte	.LFE0-.LFB0
 189 0018 00000000 		.4byte	0
 190 001c 00000000 		.4byte	0
 191              		.section	.debug_ranges,"",%progbits
 192              	.Ldebug_ranges0:
 193 0000 00000000 		.4byte	.LFB0
 194 0004 26000000 		.4byte	.LFE0
 195 0008 00000000 		.4byte	0
ARM GAS  C:\Users\WORKBE~1\AppData\Local\Temp\ccFxlvV3.s 			page 6


 196 000c 00000000 		.4byte	0
 197              		.section	.debug_line,"",%progbits
 198              	.Ldebug_line0:
 199 0000 44000000 		.section	.debug_str,"MS",%progbits,1
 199      02002000 
 199      00000201 
 199      FB0E0D00 
 199      01010101 
 200              	.LASF5:
 201 0000 73686F72 		.ascii	"short unsigned int\000"
 201      7420756E 
 201      7369676E 
 201      65642069 
 201      6E7400
 202              	.LASF0:
 203 0013 474E5520 		.ascii	"GNU C 4.9.3 20150303 (release) [ARM/embedded-4_9-br"
 203      4320342E 
 203      392E3320 
 203      32303135 
 203      30333033 
 204 0046 616E6368 		.ascii	"anch revision 221220] -mcpu=cortex-m3 -mthumb -g -O"
 204      20726576 
 204      6973696F 
 204      6E203232 
 204      31323230 
 205 0079 30202D66 		.ascii	"0 -ffunction-sections -ffat-lto-objects\000"
 205      66756E63 
 205      74696F6E 
 205      2D736563 
 205      74696F6E 
 206              	.LASF3:
 207 00a1 44656C61 		.ascii	"DelayHundredUs\000"
 207      7948756E 
 207      64726564 
 207      557300
 208              	.LASF4:
 209 00b0 74696D65 		.ascii	"timestamp\000"
 209      7374616D 
 209      7000
 210              	.LASF1:
 211 00ba 54696D65 		.ascii	"Timeout.c\000"
 211      6F75742E 
 211      6300
 212              	.LASF2:
 213 00c4 5C5C4745 		.ascii	"\\\\GEORGE-OFFICE2\\Users\\George\\Box Sync\\Backbo"
 213      4F524745 
 213      2D4F4646 
 213      49434532 
 213      5C557365 
 214 00f1 6E655C44 		.ascii	"ne\\Design\\Testing\\TestStation\\Software\\HSSP\\A"
 214      65736967 
 214      6E5C5465 
 214      7374696E 
 214      675C5465 
 215 011e 4E383438 		.ascii	"N84858\\A_Hssp_Programmer.cydsn\000"
 215      35385C41 
 215      5F487373 
ARM GAS  C:\Users\WORKBE~1\AppData\Local\Temp\ccFxlvV3.s 			page 7


 215      705F5072 
 215      6F677261 
 216              		.ident	"GCC: (GNU Tools for ARM Embedded Processors) 4.9.3 20150303 (release) [ARM/embedded-4_9-br
