--------------- Build Started: 03/09/2017 09:49:01 Project: Programmer, Configuration: ARM GCC 4.9-2015-q1-update Debug ---------------
cydsfit.exe -.appdatapath "C:\Users\WorkBench\AppData\Local\Cypress Semiconductor\PSoC Creator\4.0" -.fdsnotice -.fdswarpdepfile=warp_dependencies.txt -.fdselabdepfile=elab_dependencies.txt -.fdsbldfile=generated_files.txt -.fdsreffile=referenced_files.txt -p D:\Users\WorkBench\Documents\GitHub\BackboneHSSP\Programmer\Programmer.cydsn\Programmer.cyprj -d CY8C5888LTI-LP097 -s D:\Users\WorkBench\Documents\GitHub\BackboneHSSP\Programmer\Programmer.cydsn\Generated_Source\PSoC5 -- -yv2 -q10 -ygs -o2 -v3 -.fftcfgtype=LE
Elaborating Design...
HDL Generation...
Synthesis...
Tech Mapping...
ADD: pft.M0040: information: The following 7 pin(s) will be assigned a location by the fitter: \LCD_Char:LCDPort(0)\, \LCD_Char:LCDPort(1)\, \LCD_Char:LCDPort(2)\, \LCD_Char:LCDPort(3)\, \LCD_Char:LCDPort(4)\, \LCD_Char:LCDPort(5)\, \LCD_Char:LCDPort(6)\
Analog Placement...
Analog Routing...
Analog Code Generation...
Digital Placement...
Digital Routing...
Bitstream Generation...
Bitstream Verification...
Static timing analysis...
API Generation...
Dependency Generation...
Cleanup...
arm-none-eabi-gcc.exe -mcpu=cortex-m3 -mthumb -I. -IGenerated_Source\PSoC5 -Wa,-alh=.\CortexM3\ARM_GCC_493\Debug/main.lst -g -Wall -ffunction-sections -O0 -ffat-lto-objects -c main.c -o .\CortexM3\ARM_GCC_493\Debug\main.o
arm-none-eabi-gcc.exe -mcpu=cortex-m3 -mthumb -I. -IGenerated_Source\PSoC5 -Wa,-alh=.\CortexM3\ARM_GCC_493\Debug/cyfitter_cfg.lst -g -Wall -ffunction-sections -O0 -ffat-lto-objects -c Generated_Source\PSoC5\cyfitter_cfg.c -o .\CortexM3\ARM_GCC_493\Debug\cyfitter_cfg.o
arm-none-eabi-gcc.exe -mcpu=cortex-m3 -mthumb -I. -IGenerated_Source\PSoC5 -Wa,-alh=.\CortexM3\ARM_GCC_493\Debug/cymetadata.lst -g -Wall -ffunction-sections -O0 -ffat-lto-objects -c Generated_Source\PSoC5\cymetadata.c -o .\CortexM3\ARM_GCC_493\Debug\cymetadata.o
arm-none-eabi-ar.exe -rs .\CortexM3\ARM_GCC_493\Debug\Programmer.a .\CortexM3\ARM_GCC_493\Debug\cyfitter_cfg.o .\CortexM3\ARM_GCC_493\Debug\Pin_SWDCK.o .\CortexM3\ARM_GCC_493\Debug\Pin_XRES.o .\CortexM3\ARM_GCC_493\Debug\Pin_SWDIO.o .\CortexM3\ARM_GCC_493\Debug\LCD_Char.o .\CortexM3\ARM_GCC_493\Debug\LCD_Char_PM.o .\CortexM3\ARM_GCC_493\Debug\Pin_Start.o .\CortexM3\ARM_GCC_493\Debug\LCD_Char_LCDPort.o .\CortexM3\ARM_GCC_493\Debug\CyDmac.o .\CortexM3\ARM_GCC_493\Debug\CyFlash.o .\CortexM3\ARM_GCC_493\Debug\CyLib.o .\CortexM3\ARM_GCC_493\Debug\cyPm.o .\CortexM3\ARM_GCC_493\Debug\CySpc.o .\CortexM3\ARM_GCC_493\Debug\cyutils.o .\CortexM3\ARM_GCC_493\Debug\SDA.o .\CortexM3\ARM_GCC_493\Debug\SCL.o .\CortexM3\ARM_GCC_493\Debug\LED_R.o .\CortexM3\ARM_GCC_493\Debug\LED_G.o .\CortexM3\ARM_GCC_493\Debug\LED_B.o .\CortexM3\ARM_GCC_493\Debug\PWM.o .\CortexM3\ARM_GCC_493\Debug\PWM_PM.o .\CortexM3\ARM_GCC_493\Debug\Clock_1.o .\CortexM3\ARM_GCC_493\Debug\LED_R_GND.o .\CortexM3\ARM_GCC_493\Debug\Control_Reg.o .\CortexM3\ARM_GCC_493\Debug\Control_Reg_PM.o .\CortexM3\ARM_GCC_493\Debug\Pin_Power.o .\CortexM3\ARM_GCC_493\Debug\CyBootAsmGnu.o
arm-none-eabi-ar.exe: creating .\CortexM3\ARM_GCC_493\Debug\Programmer.a
arm-none-eabi-gcc.exe -Wl,--start-group -o .\CortexM3\ARM_GCC_493\Debug\Programmer.elf .\CortexM3\ARM_GCC_493\Debug\main.o .\CortexM3\ARM_GCC_493\Debug\SWD_PhysicalLayer.o .\CortexM3\ARM_GCC_493\Debug\SWD_PacketLayer.o .\CortexM3\ARM_GCC_493\Debug\ProgrammingSteps.o .\CortexM3\ARM_GCC_493\Debug\SWD_UpperPacketLayer.o .\CortexM3\ARM_GCC_493\Debug\Timeout.o .\CortexM3\ARM_GCC_493\Debug\DataFetch.o .\CortexM3\ARM_GCC_493\Debug\HexImage.o .\CortexM3\ARM_GCC_493\Debug\cymetadata.o .\CortexM3\ARM_GCC_493\Debug\Cm3Start.o .\CortexM3\ARM_GCC_493\Debug\Programmer.a "C:\Program Files\Cypress\PSoC Creator\4.0\PSoC Creator\psoc\content\cycomponentlibrary\CyComponentLibrary.cylib\CortexM3\ARM_GCC_493\Debug\CyComponentLibrary.a" -mcpu=cortex-m3 -mthumb -g -ffunction-sections -O0 -ffat-lto-objects -L Generated_Source\PSoC5 -Wl,-Map,.\CortexM3\ARM_GCC_493\Debug/Programmer.map -T D:\Users\WorkBench\Documents\GitHub\BackboneHSSP\Programmer\Programmer.cydsn\Generated_Source\PSoC5\cm3gcc.ld -specs=nano.specs -Wl,--gc-sections -Wl,--end-group
cyelftool.exe -C D:\Users\WorkBench\Documents\GitHub\BackboneHSSP\Programmer\Programmer.cydsn\CortexM3\ARM_GCC_493\Debug\Programmer.elf --flash_row_size 256 --flash_size 262144
cyelftool.exe -S D:\Users\WorkBench\Documents\GitHub\BackboneHSSP\Programmer\Programmer.cydsn\CortexM3\ARM_GCC_493\Debug\Programmer.elf
Flash used: 191214 of 262144 bytes (72.9 %).
SRAM used: 20917 of 65536 bytes (31.9 %). Stack: 16384 bytes. Heap: 4096 bytes.
--------------- Build Succeeded: 03/09/2017 09:49:34 ---------------
