ARM GAS  C:\Users\WORKBE~1\AppData\Local\Temp\ccU5V0m7.s 			page 1


   1              		.syntax unified
   2              		.cpu cortex-m3
   3              		.fpu softvfp
   4              		.eabi_attribute 20, 1
   5              		.eabi_attribute 21, 1
   6              		.eabi_attribute 23, 3
   7              		.eabi_attribute 24, 1
   8              		.eabi_attribute 25, 1
   9              		.eabi_attribute 26, 1
  10              		.eabi_attribute 30, 6
  11              		.eabi_attribute 34, 1
  12              		.eabi_attribute 18, 4
  13              		.thumb
  14              		.file	"I2C.c"
  15              		.text
  16              	.Ltext0:
  17              		.cfi_sections	.debug_frame
  18              		.global	I2C_initVar
  19              		.bss
  20              		.type	I2C_initVar, %object
  21              		.size	I2C_initVar, 1
  22              	I2C_initVar:
  23 0000 00       		.space	1
  24              		.comm	I2C_state,1,1
  25              		.section	.text.I2C_Init,"ax",%progbits
  26              		.align	2
  27              		.global	I2C_Init
  28              		.thumb
  29              		.thumb_func
  30              		.type	I2C_Init, %function
  31              	I2C_Init:
  32              	.LFB0:
  33              		.file 1 "Generated_Source\\PSoC5\\I2C.c"
   1:Generated_Source\PSoC5/I2C.c **** /*******************************************************************************
   2:Generated_Source\PSoC5/I2C.c **** * File Name: I2C.c
   3:Generated_Source\PSoC5/I2C.c **** * Version 3.50
   4:Generated_Source\PSoC5/I2C.c **** *
   5:Generated_Source\PSoC5/I2C.c **** * Description:
   6:Generated_Source\PSoC5/I2C.c **** *  This file provides the source code of APIs for the I2C component.
   7:Generated_Source\PSoC5/I2C.c **** *  The actual protocol and operation code resides in the interrupt service
   8:Generated_Source\PSoC5/I2C.c **** *  routine file.
   9:Generated_Source\PSoC5/I2C.c **** *
  10:Generated_Source\PSoC5/I2C.c **** *******************************************************************************
  11:Generated_Source\PSoC5/I2C.c **** * Copyright 2008-2015, Cypress Semiconductor Corporation. All rights reserved.
  12:Generated_Source\PSoC5/I2C.c **** * You may use this file only in accordance with the license, terms, conditions,
  13:Generated_Source\PSoC5/I2C.c **** * disclaimers, and limitations in the end user license agreement accompanying
  14:Generated_Source\PSoC5/I2C.c **** * the software package with which this file was provided.
  15:Generated_Source\PSoC5/I2C.c **** *******************************************************************************/
  16:Generated_Source\PSoC5/I2C.c **** 
  17:Generated_Source\PSoC5/I2C.c **** #include "I2C_PVT.h"
  18:Generated_Source\PSoC5/I2C.c **** 
  19:Generated_Source\PSoC5/I2C.c **** 
  20:Generated_Source\PSoC5/I2C.c **** /**********************************
  21:Generated_Source\PSoC5/I2C.c **** *      System variables
  22:Generated_Source\PSoC5/I2C.c **** **********************************/
  23:Generated_Source\PSoC5/I2C.c **** 
  24:Generated_Source\PSoC5/I2C.c **** uint8 I2C_initVar = 0u; /* Defines if component was initialized */
ARM GAS  C:\Users\WORKBE~1\AppData\Local\Temp\ccU5V0m7.s 			page 2


  25:Generated_Source\PSoC5/I2C.c **** 
  26:Generated_Source\PSoC5/I2C.c **** volatile uint8 I2C_state;  /* Current state of I2C FSM */
  27:Generated_Source\PSoC5/I2C.c **** 
  28:Generated_Source\PSoC5/I2C.c **** 
  29:Generated_Source\PSoC5/I2C.c **** /*******************************************************************************
  30:Generated_Source\PSoC5/I2C.c **** * Function Name: I2C_Init
  31:Generated_Source\PSoC5/I2C.c **** ********************************************************************************
  32:Generated_Source\PSoC5/I2C.c **** *
  33:Generated_Source\PSoC5/I2C.c **** * Summary:
  34:Generated_Source\PSoC5/I2C.c **** *  Initializes I2C registers with initial values provided from customizer.
  35:Generated_Source\PSoC5/I2C.c **** *
  36:Generated_Source\PSoC5/I2C.c **** * Parameters:
  37:Generated_Source\PSoC5/I2C.c **** *  None.
  38:Generated_Source\PSoC5/I2C.c **** *
  39:Generated_Source\PSoC5/I2C.c **** * Return:
  40:Generated_Source\PSoC5/I2C.c **** *  None.
  41:Generated_Source\PSoC5/I2C.c **** *
  42:Generated_Source\PSoC5/I2C.c **** * Global variables:
  43:Generated_Source\PSoC5/I2C.c **** *  None.
  44:Generated_Source\PSoC5/I2C.c **** *
  45:Generated_Source\PSoC5/I2C.c **** * Reentrant:
  46:Generated_Source\PSoC5/I2C.c **** *  No.
  47:Generated_Source\PSoC5/I2C.c **** *
  48:Generated_Source\PSoC5/I2C.c **** *******************************************************************************/
  49:Generated_Source\PSoC5/I2C.c **** void I2C_Init(void) 
  50:Generated_Source\PSoC5/I2C.c **** {
  34              		.loc 1 50 0
  35              		.cfi_startproc
  36              		@ args = 0, pretend = 0, frame = 0
  37              		@ frame_needed = 1, uses_anonymous_args = 0
  38 0000 80B5     		push	{r7, lr}
  39              		.cfi_def_cfa_offset 8
  40              		.cfi_offset 7, -8
  41              		.cfi_offset 14, -4
  42 0002 00AF     		add	r7, sp, #0
  43              		.cfi_def_cfa_register 7
  51:Generated_Source\PSoC5/I2C.c **** #if (I2C_FF_IMPLEMENTED)
  52:Generated_Source\PSoC5/I2C.c ****     /* Configure fixed function block */
  53:Generated_Source\PSoC5/I2C.c ****     I2C_CFG_REG  = I2C_DEFAULT_CFG;
  44              		.loc 1 53 0
  45 0004 194B     		ldr	r3, .L2
  46 0006 8322     		movs	r2, #131
  47 0008 1A70     		strb	r2, [r3]
  54:Generated_Source\PSoC5/I2C.c ****     I2C_XCFG_REG = I2C_DEFAULT_XCFG;
  48              		.loc 1 54 0
  49 000a 194B     		ldr	r3, .L2+4
  50 000c 8122     		movs	r2, #129
  51 000e 1A70     		strb	r2, [r3]
  55:Generated_Source\PSoC5/I2C.c ****     I2C_ADDR_REG = I2C_DEFAULT_ADDR;
  52              		.loc 1 55 0
  53 0010 184B     		ldr	r3, .L2+8
  54 0012 0822     		movs	r2, #8
  55 0014 1A70     		strb	r2, [r3]
  56:Generated_Source\PSoC5/I2C.c ****     I2C_CLKDIV1_REG = LO8(I2C_DEFAULT_DIVIDE_FACTOR);
  56              		.loc 1 56 0
  57 0016 184B     		ldr	r3, .L2+12
  58 0018 2822     		movs	r2, #40
ARM GAS  C:\Users\WORKBE~1\AppData\Local\Temp\ccU5V0m7.s 			page 3


  59 001a 1A70     		strb	r2, [r3]
  57:Generated_Source\PSoC5/I2C.c ****     I2C_CLKDIV2_REG = HI8(I2C_DEFAULT_DIVIDE_FACTOR);
  60              		.loc 1 57 0
  61 001c 174B     		ldr	r3, .L2+16
  62 001e 0022     		movs	r2, #0
  63 0020 1A70     		strb	r2, [r3]
  58:Generated_Source\PSoC5/I2C.c **** 
  59:Generated_Source\PSoC5/I2C.c **** #else
  60:Generated_Source\PSoC5/I2C.c ****     uint8 intState;
  61:Generated_Source\PSoC5/I2C.c **** 
  62:Generated_Source\PSoC5/I2C.c ****     /* Configure control and interrupt sources */
  63:Generated_Source\PSoC5/I2C.c ****     I2C_CFG_REG      = I2C_DEFAULT_CFG;
  64:Generated_Source\PSoC5/I2C.c ****     I2C_INT_MASK_REG = I2C_DEFAULT_INT_MASK;
  65:Generated_Source\PSoC5/I2C.c **** 
  66:Generated_Source\PSoC5/I2C.c ****     /* Enable interrupt generation in status */
  67:Generated_Source\PSoC5/I2C.c ****     intState = CyEnterCriticalSection();
  68:Generated_Source\PSoC5/I2C.c ****     I2C_INT_ENABLE_REG |= I2C_INTR_ENABLE;
  69:Generated_Source\PSoC5/I2C.c ****     CyExitCriticalSection(intState);
  70:Generated_Source\PSoC5/I2C.c **** 
  71:Generated_Source\PSoC5/I2C.c ****     /* Configure bit counter */
  72:Generated_Source\PSoC5/I2C.c ****     #if (I2C_MODE_SLAVE_ENABLED)
  73:Generated_Source\PSoC5/I2C.c ****         I2C_PERIOD_REG = I2C_DEFAULT_PERIOD;
  74:Generated_Source\PSoC5/I2C.c ****     #endif  /* (I2C_MODE_SLAVE_ENABLED) */
  75:Generated_Source\PSoC5/I2C.c **** 
  76:Generated_Source\PSoC5/I2C.c ****     /* Configure clock generator */
  77:Generated_Source\PSoC5/I2C.c ****     #if (I2C_MODE_MASTER_ENABLED)
  78:Generated_Source\PSoC5/I2C.c ****         I2C_MCLK_PRD_REG = I2C_DEFAULT_MCLK_PRD;
  79:Generated_Source\PSoC5/I2C.c ****         I2C_MCLK_CMP_REG = I2C_DEFAULT_MCLK_CMP;
  80:Generated_Source\PSoC5/I2C.c ****     #endif /* (I2C_MODE_MASTER_ENABLED) */
  81:Generated_Source\PSoC5/I2C.c **** #endif /* (I2C_FF_IMPLEMENTED) */
  82:Generated_Source\PSoC5/I2C.c **** 
  83:Generated_Source\PSoC5/I2C.c **** #if (I2C_TIMEOUT_ENABLED)
  84:Generated_Source\PSoC5/I2C.c ****     I2C_TimeoutInit();
  85:Generated_Source\PSoC5/I2C.c **** #endif /* (I2C_TIMEOUT_ENABLED) */
  86:Generated_Source\PSoC5/I2C.c **** 
  87:Generated_Source\PSoC5/I2C.c ****     /* Configure internal interrupt */
  88:Generated_Source\PSoC5/I2C.c ****     CyIntDisable    (I2C_ISR_NUMBER);
  64              		.loc 1 88 0
  65 0022 174B     		ldr	r3, .L2+20
  66 0024 4FF40042 		mov	r2, #32768
  67 0028 1A60     		str	r2, [r3]
  89:Generated_Source\PSoC5/I2C.c ****     CyIntSetPriority(I2C_ISR_NUMBER, I2C_ISR_PRIORITY);
  68              		.loc 1 89 0
  69 002a 0F20     		movs	r0, #15
  70 002c 0721     		movs	r1, #7
  71 002e FFF7FEFF 		bl	CyIntSetPriority
  90:Generated_Source\PSoC5/I2C.c ****     #if (I2C_INTERN_I2C_INTR_HANDLER)
  91:Generated_Source\PSoC5/I2C.c ****         (void) CyIntSetVector(I2C_ISR_NUMBER, &I2C_ISR);
  72              		.loc 1 91 0
  73 0032 0F20     		movs	r0, #15
  74 0034 1349     		ldr	r1, .L2+24
  75 0036 FFF7FEFF 		bl	CyIntSetVector
  92:Generated_Source\PSoC5/I2C.c ****     #endif /* (I2C_INTERN_I2C_INTR_HANDLER) */
  93:Generated_Source\PSoC5/I2C.c **** 
  94:Generated_Source\PSoC5/I2C.c ****     /* Set FSM to default state */
  95:Generated_Source\PSoC5/I2C.c ****     I2C_state = I2C_SM_IDLE;
  76              		.loc 1 95 0
ARM GAS  C:\Users\WORKBE~1\AppData\Local\Temp\ccU5V0m7.s 			page 4


  77 003a 134B     		ldr	r3, .L2+28
  78 003c 1022     		movs	r2, #16
  79 003e 1A70     		strb	r2, [r3]
  96:Generated_Source\PSoC5/I2C.c **** 
  97:Generated_Source\PSoC5/I2C.c **** #if (I2C_MODE_SLAVE_ENABLED)
  98:Generated_Source\PSoC5/I2C.c ****     /* Clear status and buffers index */
  99:Generated_Source\PSoC5/I2C.c ****     I2C_slStatus = 0u;
  80              		.loc 1 99 0
  81 0040 124B     		ldr	r3, .L2+32
  82 0042 0022     		movs	r2, #0
  83 0044 1A70     		strb	r2, [r3]
 100:Generated_Source\PSoC5/I2C.c ****     I2C_slRdBufIndex = 0u;
  84              		.loc 1 100 0
  85 0046 124B     		ldr	r3, .L2+36
  86 0048 0022     		movs	r2, #0
  87 004a 1A70     		strb	r2, [r3]
 101:Generated_Source\PSoC5/I2C.c ****     I2C_slWrBufIndex = 0u;
  88              		.loc 1 101 0
  89 004c 114B     		ldr	r3, .L2+40
  90 004e 0022     		movs	r2, #0
  91 0050 1A70     		strb	r2, [r3]
 102:Generated_Source\PSoC5/I2C.c **** 
 103:Generated_Source\PSoC5/I2C.c ****     /* Configure matched address */
 104:Generated_Source\PSoC5/I2C.c ****     I2C_SlaveSetAddress(I2C_DEFAULT_ADDR);
  92              		.loc 1 104 0
  93 0052 0820     		movs	r0, #8
  94 0054 FFF7FEFF 		bl	I2C_SlaveSetAddress
 105:Generated_Source\PSoC5/I2C.c **** #endif /* (I2C_MODE_SLAVE_ENABLED) */
 106:Generated_Source\PSoC5/I2C.c **** 
 107:Generated_Source\PSoC5/I2C.c **** #if (I2C_MODE_MASTER_ENABLED)
 108:Generated_Source\PSoC5/I2C.c ****     /* Clear status and buffers index */
 109:Generated_Source\PSoC5/I2C.c ****     I2C_mstrStatus = 0u;
  95              		.loc 1 109 0
  96 0058 0F4B     		ldr	r3, .L2+44
  97 005a 0022     		movs	r2, #0
  98 005c 1A70     		strb	r2, [r3]
 110:Generated_Source\PSoC5/I2C.c ****     I2C_mstrRdBufIndex = 0u;
  99              		.loc 1 110 0
 100 005e 0F4B     		ldr	r3, .L2+48
 101 0060 0022     		movs	r2, #0
 102 0062 1A70     		strb	r2, [r3]
 111:Generated_Source\PSoC5/I2C.c ****     I2C_mstrWrBufIndex = 0u;
 103              		.loc 1 111 0
 104 0064 0E4B     		ldr	r3, .L2+52
 105 0066 0022     		movs	r2, #0
 106 0068 1A70     		strb	r2, [r3]
 112:Generated_Source\PSoC5/I2C.c **** #endif /* (I2C_MODE_MASTER_ENABLED) */
 113:Generated_Source\PSoC5/I2C.c **** }
 107              		.loc 1 113 0
 108 006a 80BD     		pop	{r7, pc}
 109              	.L3:
 110              		.align	2
 111              	.L2:
 112 006c D6490040 		.word	1073760726
 113 0070 C8490040 		.word	1073760712
 114 0074 CA490040 		.word	1073760714
 115 0078 DB490040 		.word	1073760731
ARM GAS  C:\Users\WORKBE~1\AppData\Local\Temp\ccU5V0m7.s 			page 5


 116 007c DC490040 		.word	1073760732
 117 0080 80E100E0 		.word	-536813184
 118 0084 00000000 		.word	I2C_ISR
 119 0088 00000000 		.word	I2C_state
 120 008c 00000000 		.word	I2C_slStatus
 121 0090 00000000 		.word	I2C_slRdBufIndex
 122 0094 00000000 		.word	I2C_slWrBufIndex
 123 0098 00000000 		.word	I2C_mstrStatus
 124 009c 00000000 		.word	I2C_mstrRdBufIndex
 125 00a0 00000000 		.word	I2C_mstrWrBufIndex
 126              		.cfi_endproc
 127              	.LFE0:
 128              		.size	I2C_Init, .-I2C_Init
 129              		.section	.text.I2C_Enable,"ax",%progbits
 130              		.align	2
 131              		.global	I2C_Enable
 132              		.thumb
 133              		.thumb_func
 134              		.type	I2C_Enable, %function
 135              	I2C_Enable:
 136              	.LFB1:
 114:Generated_Source\PSoC5/I2C.c **** 
 115:Generated_Source\PSoC5/I2C.c **** 
 116:Generated_Source\PSoC5/I2C.c **** /*******************************************************************************
 117:Generated_Source\PSoC5/I2C.c **** * Function Name: I2C_Enable
 118:Generated_Source\PSoC5/I2C.c **** ********************************************************************************
 119:Generated_Source\PSoC5/I2C.c **** *
 120:Generated_Source\PSoC5/I2C.c **** * Summary:
 121:Generated_Source\PSoC5/I2C.c **** *  Enables I2C operations.
 122:Generated_Source\PSoC5/I2C.c **** *
 123:Generated_Source\PSoC5/I2C.c **** * Parameters:
 124:Generated_Source\PSoC5/I2C.c **** *  None.
 125:Generated_Source\PSoC5/I2C.c **** *
 126:Generated_Source\PSoC5/I2C.c **** * Return:
 127:Generated_Source\PSoC5/I2C.c **** *  None.
 128:Generated_Source\PSoC5/I2C.c **** *
 129:Generated_Source\PSoC5/I2C.c **** * Global variables:
 130:Generated_Source\PSoC5/I2C.c **** *  None.
 131:Generated_Source\PSoC5/I2C.c **** *
 132:Generated_Source\PSoC5/I2C.c **** *******************************************************************************/
 133:Generated_Source\PSoC5/I2C.c **** void I2C_Enable(void) 
 134:Generated_Source\PSoC5/I2C.c **** {
 137              		.loc 1 134 0
 138              		.cfi_startproc
 139              		@ args = 0, pretend = 0, frame = 8
 140              		@ frame_needed = 1, uses_anonymous_args = 0
 141 0000 80B5     		push	{r7, lr}
 142              		.cfi_def_cfa_offset 8
 143              		.cfi_offset 7, -8
 144              		.cfi_offset 14, -4
 145 0002 82B0     		sub	sp, sp, #8
 146              		.cfi_def_cfa_offset 16
 147 0004 00AF     		add	r7, sp, #0
 148              		.cfi_def_cfa_register 7
 135:Generated_Source\PSoC5/I2C.c **** #if (I2C_FF_IMPLEMENTED)
 136:Generated_Source\PSoC5/I2C.c ****     uint8 intState;
 137:Generated_Source\PSoC5/I2C.c **** 
ARM GAS  C:\Users\WORKBE~1\AppData\Local\Temp\ccU5V0m7.s 			page 6


 138:Generated_Source\PSoC5/I2C.c ****     /* Enable power to block */
 139:Generated_Source\PSoC5/I2C.c ****     intState = CyEnterCriticalSection();
 149              		.loc 1 139 0
 150 0006 FFF7FEFF 		bl	CyEnterCriticalSection
 151 000a 0346     		mov	r3, r0
 152 000c FB71     		strb	r3, [r7, #7]
 140:Generated_Source\PSoC5/I2C.c ****     I2C_ACT_PWRMGR_REG  |= I2C_ACT_PWR_EN;
 153              		.loc 1 140 0
 154 000e 0B4A     		ldr	r2, .L5
 155 0010 0A4B     		ldr	r3, .L5
 156 0012 1B78     		ldrb	r3, [r3]
 157 0014 DBB2     		uxtb	r3, r3
 158 0016 43F00403 		orr	r3, r3, #4
 159 001a DBB2     		uxtb	r3, r3
 160 001c 1370     		strb	r3, [r2]
 141:Generated_Source\PSoC5/I2C.c ****     I2C_STBY_PWRMGR_REG |= I2C_STBY_PWR_EN;
 161              		.loc 1 141 0
 162 001e 084A     		ldr	r2, .L5+4
 163 0020 074B     		ldr	r3, .L5+4
 164 0022 1B78     		ldrb	r3, [r3]
 165 0024 DBB2     		uxtb	r3, r3
 166 0026 43F00403 		orr	r3, r3, #4
 167 002a DBB2     		uxtb	r3, r3
 168 002c 1370     		strb	r3, [r2]
 142:Generated_Source\PSoC5/I2C.c ****     CyExitCriticalSection(intState);
 169              		.loc 1 142 0
 170 002e FB79     		ldrb	r3, [r7, #7]	@ zero_extendqisi2
 171 0030 1846     		mov	r0, r3
 172 0032 FFF7FEFF 		bl	CyExitCriticalSection
 143:Generated_Source\PSoC5/I2C.c **** #else
 144:Generated_Source\PSoC5/I2C.c ****     #if (I2C_MODE_SLAVE_ENABLED)
 145:Generated_Source\PSoC5/I2C.c ****         /* Enable bit counter */
 146:Generated_Source\PSoC5/I2C.c ****         uint8 intState = CyEnterCriticalSection();
 147:Generated_Source\PSoC5/I2C.c ****         I2C_COUNTER_AUX_CTL_REG |= I2C_CNT7_ENABLE;
 148:Generated_Source\PSoC5/I2C.c ****         CyExitCriticalSection(intState);
 149:Generated_Source\PSoC5/I2C.c ****     #endif /* (I2C_MODE_SLAVE_ENABLED) */
 150:Generated_Source\PSoC5/I2C.c **** 
 151:Generated_Source\PSoC5/I2C.c ****     /* Enable slave or master bits */
 152:Generated_Source\PSoC5/I2C.c ****     I2C_CFG_REG |= I2C_ENABLE_MS;
 153:Generated_Source\PSoC5/I2C.c **** #endif /* (I2C_FF_IMPLEMENTED) */
 154:Generated_Source\PSoC5/I2C.c **** 
 155:Generated_Source\PSoC5/I2C.c **** #if (I2C_TIMEOUT_ENABLED)
 156:Generated_Source\PSoC5/I2C.c ****     I2C_TimeoutEnable();
 157:Generated_Source\PSoC5/I2C.c **** #endif /* (I2C_TIMEOUT_ENABLED) */
 158:Generated_Source\PSoC5/I2C.c **** }
 173              		.loc 1 158 0
 174 0036 0837     		adds	r7, r7, #8
 175              		.cfi_def_cfa_offset 8
 176 0038 BD46     		mov	sp, r7
 177              		.cfi_def_cfa_register 13
 178              		@ sp needed
 179 003a 80BD     		pop	{r7, pc}
 180              	.L6:
 181              		.align	2
 182              	.L5:
 183 003c A5430040 		.word	1073759141
 184 0040 B5430040 		.word	1073759157
ARM GAS  C:\Users\WORKBE~1\AppData\Local\Temp\ccU5V0m7.s 			page 7


 185              		.cfi_endproc
 186              	.LFE1:
 187              		.size	I2C_Enable, .-I2C_Enable
 188              		.section	.text.I2C_Start,"ax",%progbits
 189              		.align	2
 190              		.global	I2C_Start
 191              		.thumb
 192              		.thumb_func
 193              		.type	I2C_Start, %function
 194              	I2C_Start:
 195              	.LFB2:
 159:Generated_Source\PSoC5/I2C.c **** 
 160:Generated_Source\PSoC5/I2C.c **** 
 161:Generated_Source\PSoC5/I2C.c **** /*******************************************************************************
 162:Generated_Source\PSoC5/I2C.c **** * Function Name: I2C_Start
 163:Generated_Source\PSoC5/I2C.c **** ********************************************************************************
 164:Generated_Source\PSoC5/I2C.c **** *
 165:Generated_Source\PSoC5/I2C.c **** * Summary:
 166:Generated_Source\PSoC5/I2C.c **** *  Starts the I2C hardware. Enables Active mode power template bits or clock
 167:Generated_Source\PSoC5/I2C.c **** *  gating as appropriate. It is required to be executed before I2C bus
 168:Generated_Source\PSoC5/I2C.c **** *  operation.
 169:Generated_Source\PSoC5/I2C.c **** *
 170:Generated_Source\PSoC5/I2C.c **** * Parameters:
 171:Generated_Source\PSoC5/I2C.c **** *  None.
 172:Generated_Source\PSoC5/I2C.c **** *
 173:Generated_Source\PSoC5/I2C.c **** * Return:
 174:Generated_Source\PSoC5/I2C.c **** *  None.
 175:Generated_Source\PSoC5/I2C.c **** *
 176:Generated_Source\PSoC5/I2C.c **** * Side Effects:
 177:Generated_Source\PSoC5/I2C.c **** *  This component automatically enables its interrupt.  If I2C is enabled !
 178:Generated_Source\PSoC5/I2C.c **** *  without the interrupt enabled, it can lock up the I2C bus.
 179:Generated_Source\PSoC5/I2C.c **** *
 180:Generated_Source\PSoC5/I2C.c **** * Global variables:
 181:Generated_Source\PSoC5/I2C.c **** *  I2C_initVar - This variable is used to check the initial
 182:Generated_Source\PSoC5/I2C.c **** *                             configuration, modified on the first
 183:Generated_Source\PSoC5/I2C.c **** *                             function call.
 184:Generated_Source\PSoC5/I2C.c **** *
 185:Generated_Source\PSoC5/I2C.c **** * Reentrant:
 186:Generated_Source\PSoC5/I2C.c **** *  No.
 187:Generated_Source\PSoC5/I2C.c **** *
 188:Generated_Source\PSoC5/I2C.c **** *******************************************************************************/
 189:Generated_Source\PSoC5/I2C.c **** void I2C_Start(void) 
 190:Generated_Source\PSoC5/I2C.c **** {
 196              		.loc 1 190 0
 197              		.cfi_startproc
 198              		@ args = 0, pretend = 0, frame = 0
 199              		@ frame_needed = 1, uses_anonymous_args = 0
 200 0000 80B5     		push	{r7, lr}
 201              		.cfi_def_cfa_offset 8
 202              		.cfi_offset 7, -8
 203              		.cfi_offset 14, -4
 204 0002 00AF     		add	r7, sp, #0
 205              		.cfi_def_cfa_register 7
 191:Generated_Source\PSoC5/I2C.c ****     if (0u == I2C_initVar)
 206              		.loc 1 191 0
 207 0004 074B     		ldr	r3, .L9
 208 0006 1B78     		ldrb	r3, [r3]	@ zero_extendqisi2
ARM GAS  C:\Users\WORKBE~1\AppData\Local\Temp\ccU5V0m7.s 			page 8


 209 0008 002B     		cmp	r3, #0
 210 000a 04D1     		bne	.L8
 192:Generated_Source\PSoC5/I2C.c ****     {
 193:Generated_Source\PSoC5/I2C.c ****         I2C_Init();
 211              		.loc 1 193 0
 212 000c FFF7FEFF 		bl	I2C_Init
 194:Generated_Source\PSoC5/I2C.c ****         I2C_initVar = 1u; /* Component initialized */
 213              		.loc 1 194 0
 214 0010 044B     		ldr	r3, .L9
 215 0012 0122     		movs	r2, #1
 216 0014 1A70     		strb	r2, [r3]
 217              	.L8:
 195:Generated_Source\PSoC5/I2C.c ****     }
 196:Generated_Source\PSoC5/I2C.c **** 
 197:Generated_Source\PSoC5/I2C.c ****     I2C_Enable();
 218              		.loc 1 197 0
 219 0016 FFF7FEFF 		bl	I2C_Enable
 198:Generated_Source\PSoC5/I2C.c ****     I2C_EnableInt();
 220              		.loc 1 198 0
 221 001a 034B     		ldr	r3, .L9+4
 222 001c 4FF40042 		mov	r2, #32768
 223 0020 1A60     		str	r2, [r3]
 199:Generated_Source\PSoC5/I2C.c **** }
 224              		.loc 1 199 0
 225 0022 80BD     		pop	{r7, pc}
 226              	.L10:
 227              		.align	2
 228              	.L9:
 229 0024 00000000 		.word	I2C_initVar
 230 0028 00E100E0 		.word	-536813312
 231              		.cfi_endproc
 232              	.LFE2:
 233              		.size	I2C_Start, .-I2C_Start
 234              		.section	.text.I2C_Stop,"ax",%progbits
 235              		.align	2
 236              		.global	I2C_Stop
 237              		.thumb
 238              		.thumb_func
 239              		.type	I2C_Stop, %function
 240              	I2C_Stop:
 241              	.LFB3:
 200:Generated_Source\PSoC5/I2C.c **** 
 201:Generated_Source\PSoC5/I2C.c **** 
 202:Generated_Source\PSoC5/I2C.c **** /*******************************************************************************
 203:Generated_Source\PSoC5/I2C.c **** * Function Name: I2C_Stop
 204:Generated_Source\PSoC5/I2C.c **** ********************************************************************************
 205:Generated_Source\PSoC5/I2C.c **** *
 206:Generated_Source\PSoC5/I2C.c **** * Summary:
 207:Generated_Source\PSoC5/I2C.c **** *  Disables I2C hardware and disables I2C interrupt. Disables Active mode power
 208:Generated_Source\PSoC5/I2C.c **** *  template bits or clock gating as appropriate.
 209:Generated_Source\PSoC5/I2C.c **** *
 210:Generated_Source\PSoC5/I2C.c **** * Parameters:
 211:Generated_Source\PSoC5/I2C.c **** *  None.
 212:Generated_Source\PSoC5/I2C.c **** *
 213:Generated_Source\PSoC5/I2C.c **** * Return:
 214:Generated_Source\PSoC5/I2C.c **** *  None.
 215:Generated_Source\PSoC5/I2C.c **** *
ARM GAS  C:\Users\WORKBE~1\AppData\Local\Temp\ccU5V0m7.s 			page 9


 216:Generated_Source\PSoC5/I2C.c **** *******************************************************************************/
 217:Generated_Source\PSoC5/I2C.c **** void I2C_Stop(void) 
 218:Generated_Source\PSoC5/I2C.c **** {
 242              		.loc 1 218 0
 243              		.cfi_startproc
 244              		@ args = 0, pretend = 0, frame = 8
 245              		@ frame_needed = 1, uses_anonymous_args = 0
 246 0000 80B5     		push	{r7, lr}
 247              		.cfi_def_cfa_offset 8
 248              		.cfi_offset 7, -8
 249              		.cfi_offset 14, -4
 250 0002 82B0     		sub	sp, sp, #8
 251              		.cfi_def_cfa_offset 16
 252 0004 00AF     		add	r7, sp, #0
 253              		.cfi_def_cfa_register 7
 219:Generated_Source\PSoC5/I2C.c ****     I2C_DisableInt();
 254              		.loc 1 219 0
 255 0006 3B4B     		ldr	r3, .L12
 256 0008 4FF40042 		mov	r2, #32768
 257 000c 1A60     		str	r2, [r3]
 258              	.LBB2:
 220:Generated_Source\PSoC5/I2C.c **** 
 221:Generated_Source\PSoC5/I2C.c **** #if (I2C_TIMEOUT_ENABLED)
 222:Generated_Source\PSoC5/I2C.c ****     I2C_TimeoutStop();
 223:Generated_Source\PSoC5/I2C.c **** #endif  /* End (I2C_TIMEOUT_ENABLED) */
 224:Generated_Source\PSoC5/I2C.c **** 
 225:Generated_Source\PSoC5/I2C.c **** #if (I2C_FF_IMPLEMENTED)
 226:Generated_Source\PSoC5/I2C.c ****     {
 227:Generated_Source\PSoC5/I2C.c ****         uint8 intState;
 228:Generated_Source\PSoC5/I2C.c ****         uint16 blockResetCycles;
 229:Generated_Source\PSoC5/I2C.c **** 
 230:Generated_Source\PSoC5/I2C.c ****         /* Store registers effected by block disable */
 231:Generated_Source\PSoC5/I2C.c ****         I2C_backup.addr    = I2C_ADDR_REG;
 259              		.loc 1 231 0
 260 000e 3A4B     		ldr	r3, .L12+4
 261 0010 1B78     		ldrb	r3, [r3]
 262 0012 DAB2     		uxtb	r2, r3
 263 0014 394B     		ldr	r3, .L12+8
 264 0016 DA70     		strb	r2, [r3, #3]
 232:Generated_Source\PSoC5/I2C.c ****         I2C_backup.clkDiv1 = I2C_CLKDIV1_REG;
 265              		.loc 1 232 0
 266 0018 394B     		ldr	r3, .L12+12
 267 001a 1B78     		ldrb	r3, [r3]
 268 001c DAB2     		uxtb	r2, r3
 269 001e 374B     		ldr	r3, .L12+8
 270 0020 1A71     		strb	r2, [r3, #4]
 233:Generated_Source\PSoC5/I2C.c ****         I2C_backup.clkDiv2 = I2C_CLKDIV2_REG;
 271              		.loc 1 233 0
 272 0022 384B     		ldr	r3, .L12+16
 273 0024 1B78     		ldrb	r3, [r3]
 274 0026 DAB2     		uxtb	r2, r3
 275 0028 344B     		ldr	r3, .L12+8
 276 002a 5A71     		strb	r2, [r3, #5]
 234:Generated_Source\PSoC5/I2C.c **** 
 235:Generated_Source\PSoC5/I2C.c ****         /* Calculate number of cycles to reset block */
 236:Generated_Source\PSoC5/I2C.c ****         blockResetCycles = ((uint16) ((uint16) I2C_CLKDIV2_REG << 8u) | I2C_CLKDIV1_REG) + 1u;
 277              		.loc 1 236 0
ARM GAS  C:\Users\WORKBE~1\AppData\Local\Temp\ccU5V0m7.s 			page 10


 278 002c 354B     		ldr	r3, .L12+16
 279 002e 1B78     		ldrb	r3, [r3]
 280 0030 DBB2     		uxtb	r3, r3
 281 0032 9BB2     		uxth	r3, r3
 282 0034 1B02     		lsls	r3, r3, #8
 283 0036 9AB2     		uxth	r2, r3
 284 0038 314B     		ldr	r3, .L12+12
 285 003a 1B78     		ldrb	r3, [r3]
 286 003c DBB2     		uxtb	r3, r3
 287 003e 9BB2     		uxth	r3, r3
 288 0040 1343     		orrs	r3, r3, r2
 289 0042 9BB2     		uxth	r3, r3
 290 0044 0133     		adds	r3, r3, #1
 291 0046 FB80     		strh	r3, [r7, #6]	@ movhi
 237:Generated_Source\PSoC5/I2C.c **** 
 238:Generated_Source\PSoC5/I2C.c ****         /* Disable block */
 239:Generated_Source\PSoC5/I2C.c ****         I2C_CFG_REG &= (uint8) ~I2C_CFG_EN_SLAVE;
 292              		.loc 1 239 0
 293 0048 2F4A     		ldr	r2, .L12+20
 294 004a 2F4B     		ldr	r3, .L12+20
 295 004c 1B78     		ldrb	r3, [r3]
 296 004e DBB2     		uxtb	r3, r3
 297 0050 23F00103 		bic	r3, r3, #1
 298 0054 DBB2     		uxtb	r3, r3
 299 0056 1370     		strb	r3, [r2]
 240:Generated_Source\PSoC5/I2C.c ****         /* Wait for block reset before disable power */
 241:Generated_Source\PSoC5/I2C.c ****         CyDelayCycles((uint32) blockResetCycles);
 300              		.loc 1 241 0
 301 0058 FB88     		ldrh	r3, [r7, #6]
 302 005a 1846     		mov	r0, r3
 303 005c FFF7FEFF 		bl	CyDelayCycles
 242:Generated_Source\PSoC5/I2C.c **** 
 243:Generated_Source\PSoC5/I2C.c ****         /* Disable power to block */
 244:Generated_Source\PSoC5/I2C.c ****         intState = CyEnterCriticalSection();
 304              		.loc 1 244 0
 305 0060 FFF7FEFF 		bl	CyEnterCriticalSection
 306 0064 0346     		mov	r3, r0
 307 0066 7B71     		strb	r3, [r7, #5]
 245:Generated_Source\PSoC5/I2C.c ****         I2C_ACT_PWRMGR_REG  &= (uint8) ~I2C_ACT_PWR_EN;
 308              		.loc 1 245 0
 309 0068 284A     		ldr	r2, .L12+24
 310 006a 284B     		ldr	r3, .L12+24
 311 006c 1B78     		ldrb	r3, [r3]
 312 006e DBB2     		uxtb	r3, r3
 313 0070 23F00403 		bic	r3, r3, #4
 314 0074 DBB2     		uxtb	r3, r3
 315 0076 1370     		strb	r3, [r2]
 246:Generated_Source\PSoC5/I2C.c ****         I2C_STBY_PWRMGR_REG &= (uint8) ~I2C_STBY_PWR_EN;
 316              		.loc 1 246 0
 317 0078 254A     		ldr	r2, .L12+28
 318 007a 254B     		ldr	r3, .L12+28
 319 007c 1B78     		ldrb	r3, [r3]
 320 007e DBB2     		uxtb	r3, r3
 321 0080 23F00403 		bic	r3, r3, #4
 322 0084 DBB2     		uxtb	r3, r3
 323 0086 1370     		strb	r3, [r2]
 247:Generated_Source\PSoC5/I2C.c ****         CyExitCriticalSection(intState);
ARM GAS  C:\Users\WORKBE~1\AppData\Local\Temp\ccU5V0m7.s 			page 11


 324              		.loc 1 247 0
 325 0088 7B79     		ldrb	r3, [r7, #5]	@ zero_extendqisi2
 326 008a 1846     		mov	r0, r3
 327 008c FFF7FEFF 		bl	CyExitCriticalSection
 248:Generated_Source\PSoC5/I2C.c **** 
 249:Generated_Source\PSoC5/I2C.c ****         /* Enable block */
 250:Generated_Source\PSoC5/I2C.c ****         I2C_CFG_REG |= (uint8) I2C_ENABLE_MS;
 328              		.loc 1 250 0
 329 0090 1D4A     		ldr	r2, .L12+20
 330 0092 1D4B     		ldr	r3, .L12+20
 331 0094 1B78     		ldrb	r3, [r3]
 332 0096 DBB2     		uxtb	r3, r3
 333 0098 43F00303 		orr	r3, r3, #3
 334 009c DBB2     		uxtb	r3, r3
 335 009e 1370     		strb	r3, [r2]
 251:Generated_Source\PSoC5/I2C.c **** 
 252:Generated_Source\PSoC5/I2C.c ****         /* Restore registers effected by block disable. Ticket ID#198004 */
 253:Generated_Source\PSoC5/I2C.c ****         I2C_ADDR_REG    = I2C_backup.addr;
 336              		.loc 1 253 0
 337 00a0 154B     		ldr	r3, .L12+4
 338 00a2 164A     		ldr	r2, .L12+8
 339 00a4 D278     		ldrb	r2, [r2, #3]	@ zero_extendqisi2
 340 00a6 1A70     		strb	r2, [r3]
 254:Generated_Source\PSoC5/I2C.c ****         I2C_ADDR_REG    = I2C_backup.addr;
 341              		.loc 1 254 0
 342 00a8 134B     		ldr	r3, .L12+4
 343 00aa 144A     		ldr	r2, .L12+8
 344 00ac D278     		ldrb	r2, [r2, #3]	@ zero_extendqisi2
 345 00ae 1A70     		strb	r2, [r3]
 255:Generated_Source\PSoC5/I2C.c ****         I2C_CLKDIV1_REG = I2C_backup.clkDiv1;
 346              		.loc 1 255 0
 347 00b0 134B     		ldr	r3, .L12+12
 348 00b2 124A     		ldr	r2, .L12+8
 349 00b4 1279     		ldrb	r2, [r2, #4]	@ zero_extendqisi2
 350 00b6 1A70     		strb	r2, [r3]
 256:Generated_Source\PSoC5/I2C.c ****         I2C_CLKDIV2_REG = I2C_backup.clkDiv2;
 351              		.loc 1 256 0
 352 00b8 124B     		ldr	r3, .L12+16
 353 00ba 104A     		ldr	r2, .L12+8
 354 00bc 5279     		ldrb	r2, [r2, #5]	@ zero_extendqisi2
 355 00be 1A70     		strb	r2, [r3]
 356              	.LBE2:
 257:Generated_Source\PSoC5/I2C.c ****     }
 258:Generated_Source\PSoC5/I2C.c **** #else
 259:Generated_Source\PSoC5/I2C.c **** 
 260:Generated_Source\PSoC5/I2C.c ****     /* Disable slave or master bits */
 261:Generated_Source\PSoC5/I2C.c ****     I2C_CFG_REG &= (uint8) ~I2C_ENABLE_MS;
 262:Generated_Source\PSoC5/I2C.c **** 
 263:Generated_Source\PSoC5/I2C.c **** #if (I2C_MODE_SLAVE_ENABLED)
 264:Generated_Source\PSoC5/I2C.c ****     {
 265:Generated_Source\PSoC5/I2C.c ****         /* Disable bit counter */
 266:Generated_Source\PSoC5/I2C.c ****         uint8 intState = CyEnterCriticalSection();
 267:Generated_Source\PSoC5/I2C.c ****         I2C_COUNTER_AUX_CTL_REG &= (uint8) ~I2C_CNT7_ENABLE;
 268:Generated_Source\PSoC5/I2C.c ****         CyExitCriticalSection(intState);
 269:Generated_Source\PSoC5/I2C.c ****     }
 270:Generated_Source\PSoC5/I2C.c **** #endif /* (I2C_MODE_SLAVE_ENABLED) */
 271:Generated_Source\PSoC5/I2C.c **** 
ARM GAS  C:\Users\WORKBE~1\AppData\Local\Temp\ccU5V0m7.s 			page 12


 272:Generated_Source\PSoC5/I2C.c ****     /* Clear interrupt source register */
 273:Generated_Source\PSoC5/I2C.c ****     (void) I2C_CSR_REG;
 274:Generated_Source\PSoC5/I2C.c **** #endif /* (I2C_FF_IMPLEMENTED) */
 275:Generated_Source\PSoC5/I2C.c **** 
 276:Generated_Source\PSoC5/I2C.c ****     /* Disable interrupt on stop (enabled by write transaction) */
 277:Generated_Source\PSoC5/I2C.c ****     I2C_DISABLE_INT_ON_STOP;
 357              		.loc 1 277 0
 358 00c0 114A     		ldr	r2, .L12+20
 359 00c2 114B     		ldr	r3, .L12+20
 360 00c4 1B78     		ldrb	r3, [r3]
 361 00c6 DBB2     		uxtb	r3, r3
 362 00c8 23F01003 		bic	r3, r3, #16
 363 00cc DBB2     		uxtb	r3, r3
 364 00ce 1370     		strb	r3, [r2]
 278:Generated_Source\PSoC5/I2C.c ****     I2C_ClearPendingInt();
 365              		.loc 1 278 0
 366 00d0 104B     		ldr	r3, .L12+32
 367 00d2 4FF40042 		mov	r2, #32768
 368 00d6 1A60     		str	r2, [r3]
 279:Generated_Source\PSoC5/I2C.c **** 
 280:Generated_Source\PSoC5/I2C.c ****     /* Reset FSM to default state */
 281:Generated_Source\PSoC5/I2C.c ****     I2C_state = I2C_SM_IDLE;
 369              		.loc 1 281 0
 370 00d8 0F4B     		ldr	r3, .L12+36
 371 00da 1022     		movs	r2, #16
 372 00dc 1A70     		strb	r2, [r3]
 282:Generated_Source\PSoC5/I2C.c **** 
 283:Generated_Source\PSoC5/I2C.c ****     /* Clear busy statuses */
 284:Generated_Source\PSoC5/I2C.c **** #if (I2C_MODE_SLAVE_ENABLED)
 285:Generated_Source\PSoC5/I2C.c ****     I2C_slStatus &= (uint8) ~(I2C_SSTAT_RD_BUSY | I2C_SSTAT_WR_BUSY);
 373              		.loc 1 285 0
 374 00de 0F4B     		ldr	r3, .L12+40
 375 00e0 1B78     		ldrb	r3, [r3]
 376 00e2 DBB2     		uxtb	r3, r3
 377 00e4 23F02203 		bic	r3, r3, #34
 378 00e8 DAB2     		uxtb	r2, r3
 379 00ea 0C4B     		ldr	r3, .L12+40
 380 00ec 1A70     		strb	r2, [r3]
 286:Generated_Source\PSoC5/I2C.c **** #endif /* (I2C_MODE_SLAVE_ENABLED) */
 287:Generated_Source\PSoC5/I2C.c **** }
 381              		.loc 1 287 0
 382 00ee 0837     		adds	r7, r7, #8
 383              		.cfi_def_cfa_offset 8
 384 00f0 BD46     		mov	sp, r7
 385              		.cfi_def_cfa_register 13
 386              		@ sp needed
 387 00f2 80BD     		pop	{r7, pc}
 388              	.L13:
 389              		.align	2
 390              	.L12:
 391 00f4 80E100E0 		.word	-536813184
 392 00f8 CA490040 		.word	1073760714
 393 00fc 00000000 		.word	I2C_backup
 394 0100 DB490040 		.word	1073760731
 395 0104 DC490040 		.word	1073760732
 396 0108 D6490040 		.word	1073760726
 397 010c A5430040 		.word	1073759141
ARM GAS  C:\Users\WORKBE~1\AppData\Local\Temp\ccU5V0m7.s 			page 13


 398 0110 B5430040 		.word	1073759157
 399 0114 80E200E0 		.word	-536812928
 400 0118 00000000 		.word	I2C_state
 401 011c 00000000 		.word	I2C_slStatus
 402              		.cfi_endproc
 403              	.LFE3:
 404              		.size	I2C_Stop, .-I2C_Stop
 405              		.text
 406              	.Letext0:
 407              		.file 2 "Generated_Source\\PSoC5\\cytypes.h"
 408              		.file 3 "Generated_Source\\PSoC5\\I2C.h"
 409              		.file 4 "Generated_Source\\PSoC5\\I2C_PVT.h"
 410              		.section	.debug_info,"",%progbits
 411              	.Ldebug_info0:
 412 0000 17020000 		.4byte	0x217
 413 0004 0400     		.2byte	0x4
 414 0006 00000000 		.4byte	.Ldebug_abbrev0
 415 000a 04       		.byte	0x4
 416 000b 01       		.uleb128 0x1
 417 000c 9B000000 		.4byte	.LASF39
 418 0010 01       		.byte	0x1
 419 0011 8F020000 		.4byte	.LASF40
 420 0015 3E020000 		.4byte	.LASF41
 421 0019 00000000 		.4byte	.Ldebug_ranges0+0
 422 001d 00000000 		.4byte	0
 423 0021 00000000 		.4byte	.Ldebug_line0
 424 0025 02       		.uleb128 0x2
 425 0026 01       		.byte	0x1
 426 0027 06       		.byte	0x6
 427 0028 4D000000 		.4byte	.LASF0
 428 002c 02       		.uleb128 0x2
 429 002d 01       		.byte	0x1
 430 002e 08       		.byte	0x8
 431 002f 66000000 		.4byte	.LASF1
 432 0033 02       		.uleb128 0x2
 433 0034 02       		.byte	0x2
 434 0035 05       		.byte	0x5
 435 0036 E2010000 		.4byte	.LASF2
 436 003a 02       		.uleb128 0x2
 437 003b 02       		.byte	0x2
 438 003c 07       		.byte	0x7
 439 003d 06000000 		.4byte	.LASF3
 440 0041 02       		.uleb128 0x2
 441 0042 04       		.byte	0x4
 442 0043 05       		.byte	0x5
 443 0044 01020000 		.4byte	.LASF4
 444 0048 02       		.uleb128 0x2
 445 0049 04       		.byte	0x4
 446 004a 07       		.byte	0x7
 447 004b 79000000 		.4byte	.LASF5
 448 004f 02       		.uleb128 0x2
 449 0050 08       		.byte	0x8
 450 0051 05       		.byte	0x5
 451 0052 B8010000 		.4byte	.LASF6
 452 0056 02       		.uleb128 0x2
 453 0057 08       		.byte	0x8
 454 0058 07       		.byte	0x7
ARM GAS  C:\Users\WORKBE~1\AppData\Local\Temp\ccU5V0m7.s 			page 14


 455 0059 6E010000 		.4byte	.LASF7
 456 005d 03       		.uleb128 0x3
 457 005e 04       		.byte	0x4
 458 005f 05       		.byte	0x5
 459 0060 696E7400 		.ascii	"int\000"
 460 0064 02       		.uleb128 0x2
 461 0065 04       		.byte	0x4
 462 0066 07       		.byte	0x7
 463 0067 61010000 		.4byte	.LASF8
 464 006b 04       		.uleb128 0x4
 465 006c EC010000 		.4byte	.LASF9
 466 0070 02       		.byte	0x2
 467 0071 3801     		.2byte	0x138
 468 0073 2C000000 		.4byte	0x2c
 469 0077 04       		.uleb128 0x4
 470 0078 41010000 		.4byte	.LASF10
 471 007c 02       		.byte	0x2
 472 007d 3901     		.2byte	0x139
 473 007f 3A000000 		.4byte	0x3a
 474 0083 04       		.uleb128 0x4
 475 0084 51010000 		.4byte	.LASF11
 476 0088 02       		.byte	0x2
 477 0089 3A01     		.2byte	0x13a
 478 008b 48000000 		.4byte	0x48
 479 008f 02       		.uleb128 0x2
 480 0090 04       		.byte	0x4
 481 0091 04       		.byte	0x4
 482 0092 47000000 		.4byte	.LASF12
 483 0096 02       		.uleb128 0x2
 484 0097 08       		.byte	0x8
 485 0098 04       		.byte	0x4
 486 0099 29010000 		.4byte	.LASF13
 487 009d 02       		.uleb128 0x2
 488 009e 01       		.byte	0x1
 489 009f 08       		.byte	0x8
 490 00a0 C6010000 		.4byte	.LASF14
 491 00a4 04       		.uleb128 0x4
 492 00a5 74000000 		.4byte	.LASF15
 493 00a9 02       		.byte	0x2
 494 00aa E201     		.2byte	0x1e2
 495 00ac B0000000 		.4byte	0xb0
 496 00b0 05       		.uleb128 0x5
 497 00b1 6B000000 		.4byte	0x6b
 498 00b5 04       		.uleb128 0x4
 499 00b6 00000000 		.4byte	.LASF16
 500 00ba 02       		.byte	0x2
 501 00bb E401     		.2byte	0x1e4
 502 00bd C1000000 		.4byte	0xc1
 503 00c1 05       		.uleb128 0x5
 504 00c2 83000000 		.4byte	0x83
 505 00c6 02       		.uleb128 0x2
 506 00c7 04       		.byte	0x4
 507 00c8 07       		.byte	0x7
 508 00c9 AF010000 		.4byte	.LASF17
 509 00cd 06       		.uleb128 0x6
 510 00ce 06       		.byte	0x6
 511 00cf 03       		.byte	0x3
ARM GAS  C:\Users\WORKBE~1\AppData\Local\Temp\ccU5V0m7.s 			page 15


 512 00d0 76       		.byte	0x76
 513 00d1 1E010000 		.4byte	0x11e
 514 00d5 07       		.uleb128 0x7
 515 00d6 0A020000 		.4byte	.LASF18
 516 00da 03       		.byte	0x3
 517 00db 78       		.byte	0x78
 518 00dc 6B000000 		.4byte	0x6b
 519 00e0 00       		.byte	0
 520 00e1 07       		.uleb128 0x7
 521 00e2 CB010000 		.4byte	.LASF19
 522 00e6 03       		.byte	0x3
 523 00e7 7B       		.byte	0x7b
 524 00e8 6B000000 		.4byte	0x6b
 525 00ec 01       		.byte	0x1
 526 00ed 08       		.uleb128 0x8
 527 00ee 63666700 		.ascii	"cfg\000"
 528 00f2 03       		.byte	0x3
 529 00f3 7C       		.byte	0x7c
 530 00f4 6B000000 		.4byte	0x6b
 531 00f8 02       		.byte	0x2
 532 00f9 07       		.uleb128 0x7
 533 00fa 8B000000 		.4byte	.LASF20
 534 00fe 03       		.byte	0x3
 535 00ff 7D       		.byte	0x7d
 536 0100 6B000000 		.4byte	0x6b
 537 0104 03       		.byte	0x3
 538 0105 07       		.uleb128 0x7
 539 0106 85010000 		.4byte	.LASF21
 540 010a 03       		.byte	0x3
 541 010b 7E       		.byte	0x7e
 542 010c 6B000000 		.4byte	0x6b
 543 0110 04       		.byte	0x4
 544 0111 07       		.uleb128 0x7
 545 0112 8D010000 		.4byte	.LASF22
 546 0116 03       		.byte	0x3
 547 0117 7F       		.byte	0x7f
 548 0118 6B000000 		.4byte	0x6b
 549 011c 05       		.byte	0x5
 550 011d 00       		.byte	0
 551 011e 09       		.uleb128 0x9
 552 011f D0010000 		.4byte	.LASF23
 553 0123 03       		.byte	0x3
 554 0124 89       		.byte	0x89
 555 0125 CD000000 		.4byte	0xcd
 556 0129 0A       		.uleb128 0xa
 557 012a A6010000 		.4byte	.LASF24
 558 012e 01       		.byte	0x1
 559 012f 31       		.byte	0x31
 560 0130 00000000 		.4byte	.LFB0
 561 0134 A4000000 		.4byte	.LFE0-.LFB0
 562 0138 01       		.uleb128 0x1
 563 0139 9C       		.byte	0x9c
 564 013a 0B       		.uleb128 0xb
 565 013b 90000000 		.4byte	.LASF26
 566 013f 01       		.byte	0x1
 567 0140 85       		.byte	0x85
 568 0141 00000000 		.4byte	.LFB1
ARM GAS  C:\Users\WORKBE~1\AppData\Local\Temp\ccU5V0m7.s 			page 16


 569 0145 44000000 		.4byte	.LFE1-.LFB1
 570 0149 01       		.uleb128 0x1
 571 014a 9C       		.byte	0x9c
 572 014b 5E010000 		.4byte	0x15e
 573 014f 0C       		.uleb128 0xc
 574 0150 58010000 		.4byte	.LASF28
 575 0154 01       		.byte	0x1
 576 0155 88       		.byte	0x88
 577 0156 6B000000 		.4byte	0x6b
 578 015a 02       		.uleb128 0x2
 579 015b 91       		.byte	0x91
 580 015c 77       		.sleb128 -9
 581 015d 00       		.byte	0
 582 015e 0A       		.uleb128 0xa
 583 015f 2A000000 		.4byte	.LASF25
 584 0163 01       		.byte	0x1
 585 0164 BD       		.byte	0xbd
 586 0165 00000000 		.4byte	.LFB2
 587 0169 2C000000 		.4byte	.LFE2-.LFB2
 588 016d 01       		.uleb128 0x1
 589 016e 9C       		.byte	0x9c
 590 016f 0B       		.uleb128 0xb
 591 0170 48010000 		.4byte	.LASF27
 592 0174 01       		.byte	0x1
 593 0175 D9       		.byte	0xd9
 594 0176 00000000 		.4byte	.LFB3
 595 017a 20010000 		.4byte	.LFE3-.LFB3
 596 017e 01       		.uleb128 0x1
 597 017f 9C       		.byte	0x9c
 598 0180 AB010000 		.4byte	0x1ab
 599 0184 0D       		.uleb128 0xd
 600 0185 0E000000 		.4byte	.LBB2
 601 0189 B2000000 		.4byte	.LBE2-.LBB2
 602 018d 0C       		.uleb128 0xc
 603 018e 58010000 		.4byte	.LASF28
 604 0192 01       		.byte	0x1
 605 0193 E3       		.byte	0xe3
 606 0194 6B000000 		.4byte	0x6b
 607 0198 02       		.uleb128 0x2
 608 0199 91       		.byte	0x91
 609 019a 75       		.sleb128 -11
 610 019b 0C       		.uleb128 0xc
 611 019c 19000000 		.4byte	.LASF29
 612 01a0 01       		.byte	0x1
 613 01a1 E4       		.byte	0xe4
 614 01a2 77000000 		.4byte	0x77
 615 01a6 02       		.uleb128 0x2
 616 01a7 91       		.byte	0x91
 617 01a8 76       		.sleb128 -10
 618 01a9 00       		.byte	0
 619 01aa 00       		.byte	0
 620 01ab 0E       		.uleb128 0xe
 621 01ac AC020000 		.4byte	.LASF30
 622 01b0 01       		.byte	0x1
 623 01b1 18       		.byte	0x18
 624 01b2 6B000000 		.4byte	0x6b
 625 01b6 05       		.uleb128 0x5
ARM GAS  C:\Users\WORKBE~1\AppData\Local\Temp\ccU5V0m7.s 			page 17


 626 01b7 03       		.byte	0x3
 627 01b8 00000000 		.4byte	I2C_initVar
 628 01bc 0F       		.uleb128 0xf
 629 01bd 16020000 		.4byte	.LASF31
 630 01c1 04       		.byte	0x4
 631 01c2 21       		.byte	0x21
 632 01c3 1E010000 		.4byte	0x11e
 633 01c7 0E       		.uleb128 0xe
 634 01c8 21020000 		.4byte	.LASF32
 635 01cc 01       		.byte	0x1
 636 01cd 1A       		.byte	0x1a
 637 01ce B0000000 		.4byte	0xb0
 638 01d2 05       		.uleb128 0x5
 639 01d3 03       		.byte	0x3
 640 01d4 00000000 		.4byte	I2C_state
 641 01d8 0F       		.uleb128 0xf
 642 01d9 F2010000 		.4byte	.LASF33
 643 01dd 04       		.byte	0x4
 644 01de 27       		.byte	0x27
 645 01df B0000000 		.4byte	0xb0
 646 01e3 0F       		.uleb128 0xf
 647 01e4 34000000 		.4byte	.LASF34
 648 01e8 04       		.byte	0x4
 649 01e9 2D       		.byte	0x2d
 650 01ea B0000000 		.4byte	0xb0
 651 01ee 0F       		.uleb128 0xf
 652 01ef 2B020000 		.4byte	.LASF35
 653 01f3 04       		.byte	0x4
 654 01f4 32       		.byte	0x32
 655 01f5 B0000000 		.4byte	0xb0
 656 01f9 0F       		.uleb128 0xf
 657 01fa 59000000 		.4byte	.LASF36
 658 01fe 04       		.byte	0x4
 659 01ff 38       		.byte	0x38
 660 0200 B0000000 		.4byte	0xb0
 661 0204 0F       		.uleb128 0xf
 662 0205 95010000 		.4byte	.LASF37
 663 0209 04       		.byte	0x4
 664 020a 3D       		.byte	0x3d
 665 020b B0000000 		.4byte	0xb0
 666 020f 0F       		.uleb128 0xf
 667 0210 30010000 		.4byte	.LASF38
 668 0214 04       		.byte	0x4
 669 0215 42       		.byte	0x42
 670 0216 B0000000 		.4byte	0xb0
 671 021a 00       		.byte	0
 672              		.section	.debug_abbrev,"",%progbits
 673              	.Ldebug_abbrev0:
 674 0000 01       		.uleb128 0x1
 675 0001 11       		.uleb128 0x11
 676 0002 01       		.byte	0x1
 677 0003 25       		.uleb128 0x25
 678 0004 0E       		.uleb128 0xe
 679 0005 13       		.uleb128 0x13
 680 0006 0B       		.uleb128 0xb
 681 0007 03       		.uleb128 0x3
 682 0008 0E       		.uleb128 0xe
ARM GAS  C:\Users\WORKBE~1\AppData\Local\Temp\ccU5V0m7.s 			page 18


 683 0009 1B       		.uleb128 0x1b
 684 000a 0E       		.uleb128 0xe
 685 000b 55       		.uleb128 0x55
 686 000c 17       		.uleb128 0x17
 687 000d 11       		.uleb128 0x11
 688 000e 01       		.uleb128 0x1
 689 000f 10       		.uleb128 0x10
 690 0010 17       		.uleb128 0x17
 691 0011 00       		.byte	0
 692 0012 00       		.byte	0
 693 0013 02       		.uleb128 0x2
 694 0014 24       		.uleb128 0x24
 695 0015 00       		.byte	0
 696 0016 0B       		.uleb128 0xb
 697 0017 0B       		.uleb128 0xb
 698 0018 3E       		.uleb128 0x3e
 699 0019 0B       		.uleb128 0xb
 700 001a 03       		.uleb128 0x3
 701 001b 0E       		.uleb128 0xe
 702 001c 00       		.byte	0
 703 001d 00       		.byte	0
 704 001e 03       		.uleb128 0x3
 705 001f 24       		.uleb128 0x24
 706 0020 00       		.byte	0
 707 0021 0B       		.uleb128 0xb
 708 0022 0B       		.uleb128 0xb
 709 0023 3E       		.uleb128 0x3e
 710 0024 0B       		.uleb128 0xb
 711 0025 03       		.uleb128 0x3
 712 0026 08       		.uleb128 0x8
 713 0027 00       		.byte	0
 714 0028 00       		.byte	0
 715 0029 04       		.uleb128 0x4
 716 002a 16       		.uleb128 0x16
 717 002b 00       		.byte	0
 718 002c 03       		.uleb128 0x3
 719 002d 0E       		.uleb128 0xe
 720 002e 3A       		.uleb128 0x3a
 721 002f 0B       		.uleb128 0xb
 722 0030 3B       		.uleb128 0x3b
 723 0031 05       		.uleb128 0x5
 724 0032 49       		.uleb128 0x49
 725 0033 13       		.uleb128 0x13
 726 0034 00       		.byte	0
 727 0035 00       		.byte	0
 728 0036 05       		.uleb128 0x5
 729 0037 35       		.uleb128 0x35
 730 0038 00       		.byte	0
 731 0039 49       		.uleb128 0x49
 732 003a 13       		.uleb128 0x13
 733 003b 00       		.byte	0
 734 003c 00       		.byte	0
 735 003d 06       		.uleb128 0x6
 736 003e 13       		.uleb128 0x13
 737 003f 01       		.byte	0x1
 738 0040 0B       		.uleb128 0xb
 739 0041 0B       		.uleb128 0xb
ARM GAS  C:\Users\WORKBE~1\AppData\Local\Temp\ccU5V0m7.s 			page 19


 740 0042 3A       		.uleb128 0x3a
 741 0043 0B       		.uleb128 0xb
 742 0044 3B       		.uleb128 0x3b
 743 0045 0B       		.uleb128 0xb
 744 0046 01       		.uleb128 0x1
 745 0047 13       		.uleb128 0x13
 746 0048 00       		.byte	0
 747 0049 00       		.byte	0
 748 004a 07       		.uleb128 0x7
 749 004b 0D       		.uleb128 0xd
 750 004c 00       		.byte	0
 751 004d 03       		.uleb128 0x3
 752 004e 0E       		.uleb128 0xe
 753 004f 3A       		.uleb128 0x3a
 754 0050 0B       		.uleb128 0xb
 755 0051 3B       		.uleb128 0x3b
 756 0052 0B       		.uleb128 0xb
 757 0053 49       		.uleb128 0x49
 758 0054 13       		.uleb128 0x13
 759 0055 38       		.uleb128 0x38
 760 0056 0B       		.uleb128 0xb
 761 0057 00       		.byte	0
 762 0058 00       		.byte	0
 763 0059 08       		.uleb128 0x8
 764 005a 0D       		.uleb128 0xd
 765 005b 00       		.byte	0
 766 005c 03       		.uleb128 0x3
 767 005d 08       		.uleb128 0x8
 768 005e 3A       		.uleb128 0x3a
 769 005f 0B       		.uleb128 0xb
 770 0060 3B       		.uleb128 0x3b
 771 0061 0B       		.uleb128 0xb
 772 0062 49       		.uleb128 0x49
 773 0063 13       		.uleb128 0x13
 774 0064 38       		.uleb128 0x38
 775 0065 0B       		.uleb128 0xb
 776 0066 00       		.byte	0
 777 0067 00       		.byte	0
 778 0068 09       		.uleb128 0x9
 779 0069 16       		.uleb128 0x16
 780 006a 00       		.byte	0
 781 006b 03       		.uleb128 0x3
 782 006c 0E       		.uleb128 0xe
 783 006d 3A       		.uleb128 0x3a
 784 006e 0B       		.uleb128 0xb
 785 006f 3B       		.uleb128 0x3b
 786 0070 0B       		.uleb128 0xb
 787 0071 49       		.uleb128 0x49
 788 0072 13       		.uleb128 0x13
 789 0073 00       		.byte	0
 790 0074 00       		.byte	0
 791 0075 0A       		.uleb128 0xa
 792 0076 2E       		.uleb128 0x2e
 793 0077 00       		.byte	0
 794 0078 3F       		.uleb128 0x3f
 795 0079 19       		.uleb128 0x19
 796 007a 03       		.uleb128 0x3
ARM GAS  C:\Users\WORKBE~1\AppData\Local\Temp\ccU5V0m7.s 			page 20


 797 007b 0E       		.uleb128 0xe
 798 007c 3A       		.uleb128 0x3a
 799 007d 0B       		.uleb128 0xb
 800 007e 3B       		.uleb128 0x3b
 801 007f 0B       		.uleb128 0xb
 802 0080 27       		.uleb128 0x27
 803 0081 19       		.uleb128 0x19
 804 0082 11       		.uleb128 0x11
 805 0083 01       		.uleb128 0x1
 806 0084 12       		.uleb128 0x12
 807 0085 06       		.uleb128 0x6
 808 0086 40       		.uleb128 0x40
 809 0087 18       		.uleb128 0x18
 810 0088 9642     		.uleb128 0x2116
 811 008a 19       		.uleb128 0x19
 812 008b 00       		.byte	0
 813 008c 00       		.byte	0
 814 008d 0B       		.uleb128 0xb
 815 008e 2E       		.uleb128 0x2e
 816 008f 01       		.byte	0x1
 817 0090 3F       		.uleb128 0x3f
 818 0091 19       		.uleb128 0x19
 819 0092 03       		.uleb128 0x3
 820 0093 0E       		.uleb128 0xe
 821 0094 3A       		.uleb128 0x3a
 822 0095 0B       		.uleb128 0xb
 823 0096 3B       		.uleb128 0x3b
 824 0097 0B       		.uleb128 0xb
 825 0098 27       		.uleb128 0x27
 826 0099 19       		.uleb128 0x19
 827 009a 11       		.uleb128 0x11
 828 009b 01       		.uleb128 0x1
 829 009c 12       		.uleb128 0x12
 830 009d 06       		.uleb128 0x6
 831 009e 40       		.uleb128 0x40
 832 009f 18       		.uleb128 0x18
 833 00a0 9642     		.uleb128 0x2116
 834 00a2 19       		.uleb128 0x19
 835 00a3 01       		.uleb128 0x1
 836 00a4 13       		.uleb128 0x13
 837 00a5 00       		.byte	0
 838 00a6 00       		.byte	0
 839 00a7 0C       		.uleb128 0xc
 840 00a8 34       		.uleb128 0x34
 841 00a9 00       		.byte	0
 842 00aa 03       		.uleb128 0x3
 843 00ab 0E       		.uleb128 0xe
 844 00ac 3A       		.uleb128 0x3a
 845 00ad 0B       		.uleb128 0xb
 846 00ae 3B       		.uleb128 0x3b
 847 00af 0B       		.uleb128 0xb
 848 00b0 49       		.uleb128 0x49
 849 00b1 13       		.uleb128 0x13
 850 00b2 02       		.uleb128 0x2
 851 00b3 18       		.uleb128 0x18
 852 00b4 00       		.byte	0
 853 00b5 00       		.byte	0
ARM GAS  C:\Users\WORKBE~1\AppData\Local\Temp\ccU5V0m7.s 			page 21


 854 00b6 0D       		.uleb128 0xd
 855 00b7 0B       		.uleb128 0xb
 856 00b8 01       		.byte	0x1
 857 00b9 11       		.uleb128 0x11
 858 00ba 01       		.uleb128 0x1
 859 00bb 12       		.uleb128 0x12
 860 00bc 06       		.uleb128 0x6
 861 00bd 00       		.byte	0
 862 00be 00       		.byte	0
 863 00bf 0E       		.uleb128 0xe
 864 00c0 34       		.uleb128 0x34
 865 00c1 00       		.byte	0
 866 00c2 03       		.uleb128 0x3
 867 00c3 0E       		.uleb128 0xe
 868 00c4 3A       		.uleb128 0x3a
 869 00c5 0B       		.uleb128 0xb
 870 00c6 3B       		.uleb128 0x3b
 871 00c7 0B       		.uleb128 0xb
 872 00c8 49       		.uleb128 0x49
 873 00c9 13       		.uleb128 0x13
 874 00ca 3F       		.uleb128 0x3f
 875 00cb 19       		.uleb128 0x19
 876 00cc 02       		.uleb128 0x2
 877 00cd 18       		.uleb128 0x18
 878 00ce 00       		.byte	0
 879 00cf 00       		.byte	0
 880 00d0 0F       		.uleb128 0xf
 881 00d1 34       		.uleb128 0x34
 882 00d2 00       		.byte	0
 883 00d3 03       		.uleb128 0x3
 884 00d4 0E       		.uleb128 0xe
 885 00d5 3A       		.uleb128 0x3a
 886 00d6 0B       		.uleb128 0xb
 887 00d7 3B       		.uleb128 0x3b
 888 00d8 0B       		.uleb128 0xb
 889 00d9 49       		.uleb128 0x49
 890 00da 13       		.uleb128 0x13
 891 00db 3F       		.uleb128 0x3f
 892 00dc 19       		.uleb128 0x19
 893 00dd 3C       		.uleb128 0x3c
 894 00de 19       		.uleb128 0x19
 895 00df 00       		.byte	0
 896 00e0 00       		.byte	0
 897 00e1 00       		.byte	0
 898              		.section	.debug_aranges,"",%progbits
 899 0000 34000000 		.4byte	0x34
 900 0004 0200     		.2byte	0x2
 901 0006 00000000 		.4byte	.Ldebug_info0
 902 000a 04       		.byte	0x4
 903 000b 00       		.byte	0
 904 000c 0000     		.2byte	0
 905 000e 0000     		.2byte	0
 906 0010 00000000 		.4byte	.LFB0
 907 0014 A4000000 		.4byte	.LFE0-.LFB0
 908 0018 00000000 		.4byte	.LFB1
 909 001c 44000000 		.4byte	.LFE1-.LFB1
 910 0020 00000000 		.4byte	.LFB2
ARM GAS  C:\Users\WORKBE~1\AppData\Local\Temp\ccU5V0m7.s 			page 22


 911 0024 2C000000 		.4byte	.LFE2-.LFB2
 912 0028 00000000 		.4byte	.LFB3
 913 002c 20010000 		.4byte	.LFE3-.LFB3
 914 0030 00000000 		.4byte	0
 915 0034 00000000 		.4byte	0
 916              		.section	.debug_ranges,"",%progbits
 917              	.Ldebug_ranges0:
 918 0000 00000000 		.4byte	.LFB0
 919 0004 A4000000 		.4byte	.LFE0
 920 0008 00000000 		.4byte	.LFB1
 921 000c 44000000 		.4byte	.LFE1
 922 0010 00000000 		.4byte	.LFB2
 923 0014 2C000000 		.4byte	.LFE2
 924 0018 00000000 		.4byte	.LFB3
 925 001c 20010000 		.4byte	.LFE3
 926 0020 00000000 		.4byte	0
 927 0024 00000000 		.4byte	0
 928              		.section	.debug_line,"",%progbits
 929              	.Ldebug_line0:
 930 0000 D4000000 		.section	.debug_str,"MS",%progbits,1
 930      02005600 
 930      00000201 
 930      FB0E0D00 
 930      01010101 
 931              	.LASF16:
 932 0000 72656733 		.ascii	"reg32\000"
 932      3200
 933              	.LASF3:
 934 0006 73686F72 		.ascii	"short unsigned int\000"
 934      7420756E 
 934      7369676E 
 934      65642069 
 934      6E7400
 935              	.LASF29:
 936 0019 626C6F63 		.ascii	"blockResetCycles\000"
 936      6B526573 
 936      65744379 
 936      636C6573 
 936      00
 937              	.LASF25:
 938 002a 4932435F 		.ascii	"I2C_Start\000"
 938      53746172 
 938      7400
 939              	.LASF34:
 940 0034 4932435F 		.ascii	"I2C_mstrRdBufIndex\000"
 940      6D737472 
 940      52644275 
 940      66496E64 
 940      657800
 941              	.LASF12:
 942 0047 666C6F61 		.ascii	"float\000"
 942      7400
 943              	.LASF0:
 944 004d 7369676E 		.ascii	"signed char\000"
 944      65642063 
 944      68617200 
 945              	.LASF36:
ARM GAS  C:\Users\WORKBE~1\AppData\Local\Temp\ccU5V0m7.s 			page 23


 946 0059 4932435F 		.ascii	"I2C_slStatus\000"
 946      736C5374 
 946      61747573 
 946      00
 947              	.LASF1:
 948 0066 756E7369 		.ascii	"unsigned char\000"
 948      676E6564 
 948      20636861 
 948      7200
 949              	.LASF15:
 950 0074 72656738 		.ascii	"reg8\000"
 950      00
 951              	.LASF5:
 952 0079 6C6F6E67 		.ascii	"long unsigned int\000"
 952      20756E73 
 952      69676E65 
 952      6420696E 
 952      7400
 953              	.LASF20:
 954 008b 61646472 		.ascii	"addr\000"
 954      00
 955              	.LASF26:
 956 0090 4932435F 		.ascii	"I2C_Enable\000"
 956      456E6162 
 956      6C6500
 957              	.LASF39:
 958 009b 474E5520 		.ascii	"GNU C 4.9.3 20150303 (release) [ARM/embedded-4_9-br"
 958      4320342E 
 958      392E3320 
 958      32303135 
 958      30333033 
 959 00ce 616E6368 		.ascii	"anch revision 221220] -mcpu=cortex-m3 -mthumb -g -O"
 959      20726576 
 959      6973696F 
 959      6E203232 
 959      31323230 
 960 0101 30202D66 		.ascii	"0 -ffunction-sections -ffat-lto-objects\000"
 960      66756E63 
 960      74696F6E 
 960      2D736563 
 960      74696F6E 
 961              	.LASF13:
 962 0129 646F7562 		.ascii	"double\000"
 962      6C6500
 963              	.LASF38:
 964 0130 4932435F 		.ascii	"I2C_slWrBufIndex\000"
 964      736C5772 
 964      42756649 
 964      6E646578 
 964      00
 965              	.LASF10:
 966 0141 75696E74 		.ascii	"uint16\000"
 966      313600
 967              	.LASF27:
 968 0148 4932435F 		.ascii	"I2C_Stop\000"
 968      53746F70 
 968      00
ARM GAS  C:\Users\WORKBE~1\AppData\Local\Temp\ccU5V0m7.s 			page 24


 969              	.LASF11:
 970 0151 75696E74 		.ascii	"uint32\000"
 970      333200
 971              	.LASF28:
 972 0158 696E7453 		.ascii	"intState\000"
 972      74617465 
 972      00
 973              	.LASF8:
 974 0161 756E7369 		.ascii	"unsigned int\000"
 974      676E6564 
 974      20696E74 
 974      00
 975              	.LASF7:
 976 016e 6C6F6E67 		.ascii	"long long unsigned int\000"
 976      206C6F6E 
 976      6720756E 
 976      7369676E 
 976      65642069 
 977              	.LASF21:
 978 0185 636C6B44 		.ascii	"clkDiv1\000"
 978      69763100 
 979              	.LASF22:
 980 018d 636C6B44 		.ascii	"clkDiv2\000"
 980      69763200 
 981              	.LASF37:
 982 0195 4932435F 		.ascii	"I2C_slRdBufIndex\000"
 982      736C5264 
 982      42756649 
 982      6E646578 
 982      00
 983              	.LASF24:
 984 01a6 4932435F 		.ascii	"I2C_Init\000"
 984      496E6974 
 984      00
 985              	.LASF17:
 986 01af 73697A65 		.ascii	"sizetype\000"
 986      74797065 
 986      00
 987              	.LASF6:
 988 01b8 6C6F6E67 		.ascii	"long long int\000"
 988      206C6F6E 
 988      6720696E 
 988      7400
 989              	.LASF14:
 990 01c6 63686172 		.ascii	"char\000"
 990      00
 991              	.LASF19:
 992 01cb 78636667 		.ascii	"xcfg\000"
 992      00
 993              	.LASF23:
 994 01d0 4932435F 		.ascii	"I2C_BACKUP_STRUCT\000"
 994      4241434B 
 994      55505F53 
 994      54525543 
 994      5400
 995              	.LASF2:
 996 01e2 73686F72 		.ascii	"short int\000"
ARM GAS  C:\Users\WORKBE~1\AppData\Local\Temp\ccU5V0m7.s 			page 25


 996      7420696E 
 996      7400
 997              	.LASF9:
 998 01ec 75696E74 		.ascii	"uint8\000"
 998      3800
 999              	.LASF33:
 1000 01f2 4932435F 		.ascii	"I2C_mstrStatus\000"
 1000      6D737472 
 1000      53746174 
 1000      757300
 1001              	.LASF4:
 1002 0201 6C6F6E67 		.ascii	"long int\000"
 1002      20696E74 
 1002      00
 1003              	.LASF18:
 1004 020a 656E6162 		.ascii	"enableState\000"
 1004      6C655374 
 1004      61746500 
 1005              	.LASF31:
 1006 0216 4932435F 		.ascii	"I2C_backup\000"
 1006      6261636B 
 1006      757000
 1007              	.LASF32:
 1008 0221 4932435F 		.ascii	"I2C_state\000"
 1008      73746174 
 1008      6500
 1009              	.LASF35:
 1010 022b 4932435F 		.ascii	"I2C_mstrWrBufIndex\000"
 1010      6D737472 
 1010      57724275 
 1010      66496E64 
 1010      657800
 1011              	.LASF41:
 1012 023e 443A5C55 		.ascii	"D:\\Users\\WorkBench\\Documents\\GitHub\\BackboneHS"
 1012      73657273 
 1012      5C576F72 
 1012      6B42656E 
 1012      63685C44 
 1013 026c 53505C41 		.ascii	"SP\\AN84858\\A_Hssp_Programmer.cydsn\000"
 1013      4E383438 
 1013      35385C41 
 1013      5F487373 
 1013      705F5072 
 1014              	.LASF40:
 1015 028f 47656E65 		.ascii	"Generated_Source\\PSoC5\\I2C.c\000"
 1015      72617465 
 1015      645F536F 
 1015      75726365 
 1015      5C50536F 
 1016              	.LASF30:
 1017 02ac 4932435F 		.ascii	"I2C_initVar\000"
 1017      696E6974 
 1017      56617200 
 1018              		.ident	"GCC: (GNU Tools for ARM Embedded Processors) 4.9.3 20150303 (release) [ARM/embedded-4_9-br
