ARM GAS  C:\Users\WORKBE~1\AppData\Local\Temp\cckkcauf.s 			page 1


   1              		.syntax unified
   2              		.cpu cortex-m3
   3              		.fpu softvfp
   4              		.eabi_attribute 20, 1
   5              		.eabi_attribute 21, 1
   6              		.eabi_attribute 23, 3
   7              		.eabi_attribute 24, 1
   8              		.eabi_attribute 25, 1
   9              		.eabi_attribute 26, 1
  10              		.eabi_attribute 30, 6
  11              		.eabi_attribute 34, 1
  12              		.eabi_attribute 18, 4
  13              		.thumb
  14              		.file	"Timeout.c"
  15              		.text
  16              	.Ltext0:
  17              		.cfi_sections	.debug_frame
  18              		.section	.text.DelayHundredUs,"ax",%progbits
  19              		.align	2
  20              		.global	DelayHundredUs
  21              		.thumb
  22              		.thumb_func
  23              		.type	DelayHundredUs, %function
  24              	DelayHundredUs:
  25              	.LFB0:
  26              		.file 1 "Timeout.c"
   1:Timeout.c     **** /******************************************************************************
   2:Timeout.c     **** * File Name: Timeout.c
   3:Timeout.c     **** * Version 1.0
   4:Timeout.c     **** *
   5:Timeout.c     **** * Description:
   6:Timeout.c     **** *  This file provides source code for the delay routine used in the HSSP
   7:Timeout.c     **** *  application
   8:Timeout.c     **** *
   9:Timeout.c     **** * Owner:
  10:Timeout.c     **** *	Tushar Rastogi, Application Engineer (tusr@cypress.com)
  11:Timeout.c     **** *
  12:Timeout.c     **** * Related Document:
  13:Timeout.c     **** *	AN84858 - PSoC 4 Programming using an External Microcontroller (HSSP)
  14:Timeout.c     **** *
  15:Timeout.c     **** * Hardware Dependency:
  16:Timeout.c     **** *   PSoC 5LP Development Kit - CY8CKIT-050
  17:Timeout.c     **** *
  18:Timeout.c     **** * Code Tested With:
  19:Timeout.c     **** *	PSoC Creator 3.2
  20:Timeout.c     **** *	ARM GCC 4.8.4
  21:Timeout.c     **** *	CY8CKIT-050
  22:Timeout.c     **** *
  23:Timeout.c     **** *******************************************************************************
  24:Timeout.c     **** * Copyright (2015), Cypress Semiconductor Corporation.
  25:Timeout.c     **** *******************************************************************************
  26:Timeout.c     **** * This software is owned by Cypress Semiconductor Corporation (Cypress) and is
  27:Timeout.c     **** * protected by and subject to worldwide patent protection (United States and
  28:Timeout.c     **** * foreign), United States copyright laws and international treaty provisions.
  29:Timeout.c     **** * Cypress hereby grants to licensee a personal, non-exclusive, non-transferable
  30:Timeout.c     **** * license to copy, use, modify, create derivative works of, and compile the
  31:Timeout.c     **** * Cypress Source Code and derivative works for the sole purpose of creating
ARM GAS  C:\Users\WORKBE~1\AppData\Local\Temp\cckkcauf.s 			page 2


  32:Timeout.c     **** * custom software in support of licensee product to be used only in conjunction
  33:Timeout.c     **** * with a Cypress integrated circuit as specified in the applicable agreement.
  34:Timeout.c     **** * Any reproduction, modification, translation, compilation, or representation of
  35:Timeout.c     **** * this software except as specified above is prohibited without the express
  36:Timeout.c     **** * written permission of Cypress.
  37:Timeout.c     **** *
  38:Timeout.c     **** * Disclaimer: CYPRESS MAKES NO WARRANTY OF ANY KIND, EXPRESS OR IMPLIED, WITH
  39:Timeout.c     **** * REGARD TO THIS MATERIAL, INCLUDING, BUT NOT LIMITED TO, THE IMPLIED
  40:Timeout.c     **** * WARRANTIES OF MERCHANTABILITY AND FITNESS FOR A PARTICULAR PURPOSE.
  41:Timeout.c     **** * Cypress reserves the right to make changes without further notice to the
  42:Timeout.c     **** * materials described herein. Cypress does not assume any liability arising out
  43:Timeout.c     **** * of the application or use of any product or circuit described herein. Cypress
  44:Timeout.c     **** * does not authorize its products for use as critical components in life-support
  45:Timeout.c     **** * systems where a malfunction or failure may reasonably be expected to result in
  46:Timeout.c     **** * significant injury to the user. The inclusion of Cypress' product in a life-
  47:Timeout.c     **** * support systems application implies that the manufacturer assumes all risk of
  48:Timeout.c     **** * such use and in doing so indemnifies Cypress against all charges. Use may be
  49:Timeout.c     **** * limited by and subject to the applicable Cypress software license agreement.
  50:Timeout.c     **** 
  51:Timeout.c     **** ******************************************************************************/
  52:Timeout.c     **** 
  53:Timeout.c     **** /******************************************************************************
  54:Timeout.c     **** *   Header file Inclusion
  55:Timeout.c     **** ******************************************************************************/
  56:Timeout.c     **** #include "Timeout.h"
  57:Timeout.c     **** 
  58:Timeout.c     **** /******************************************************************************
  59:Timeout.c     **** *   Function Definitions
  60:Timeout.c     **** ******************************************************************************/
  61:Timeout.c     **** 
  62:Timeout.c     **** /******************************************************************************
  63:Timeout.c     **** * Function Name: DelayHundredUs
  64:Timeout.c     **** *******************************************************************************
  65:Timeout.c     **** *
  66:Timeout.c     **** * Summary:
  67:Timeout.c     **** *  Generates an approximate delay for 100 microseconds
  68:Timeout.c     **** *
  69:Timeout.c     **** * Parameters:
  70:Timeout.c     **** *  None.
  71:Timeout.c     **** *
  72:Timeout.c     **** * Return:
  73:Timeout.c     **** *  None.
  74:Timeout.c     **** *
  75:Timeout.c     **** * Note:
  76:Timeout.c     **** *  The delay is introduced by using a for loop with a predefined iteration
  77:Timeout.c     **** *  determined by the parameter XRES_PULSE_100US in the header file Timeout.h. 
  78:Timeout.c     **** *
  79:Timeout.c     **** ******************************************************************************/
  80:Timeout.c     **** 
  81:Timeout.c     **** void DelayHundredUs(void)
  82:Timeout.c     **** {
  27              		.loc 1 82 0
  28              		.cfi_startproc
  29              		@ args = 0, pretend = 0, frame = 8
  30              		@ frame_needed = 1, uses_anonymous_args = 0
  31              		@ link register save eliminated.
  32 0000 80B4     		push	{r7}
ARM GAS  C:\Users\WORKBE~1\AppData\Local\Temp\cckkcauf.s 			page 3


  33              		.cfi_def_cfa_offset 4
  34              		.cfi_offset 7, -4
  35 0002 83B0     		sub	sp, sp, #12
  36              		.cfi_def_cfa_offset 16
  37 0004 00AF     		add	r7, sp, #0
  38              		.cfi_def_cfa_register 7
  83:Timeout.c     ****     unsigned short timestamp;    
  84:Timeout.c     **** 
  85:Timeout.c     ****     /* Delay using a empty for loop */
  86:Timeout.c     ****     for(timestamp = 0; timestamp < XRES_PULSE_100US; timestamp++)
  39              		.loc 1 86 0
  40 0006 0023     		movs	r3, #0
  41 0008 FB80     		strh	r3, [r7, #6]	@ movhi
  42 000a 02E0     		b	.L2
  43              	.L3:
  44              		.loc 1 86 0 is_stmt 0 discriminator 3
  45 000c FB88     		ldrh	r3, [r7, #6]
  46 000e 0133     		adds	r3, r3, #1
  47 0010 FB80     		strh	r3, [r7, #6]	@ movhi
  48              	.L2:
  49              		.loc 1 86 0 discriminator 1
  50 0012 FB88     		ldrh	r3, [r7, #6]
  51 0014 B3F5167F 		cmp	r3, #600
  52 0018 F8D3     		bcc	.L3
  87:Timeout.c     ****     {
  88:Timeout.c     ****         
  89:Timeout.c     ****     }
  90:Timeout.c     **** }
  53              		.loc 1 90 0 is_stmt 1
  54 001a 0C37     		adds	r7, r7, #12
  55              		.cfi_def_cfa_offset 4
  56 001c BD46     		mov	sp, r7
  57              		.cfi_def_cfa_register 13
  58              		@ sp needed
  59 001e 5DF8047B 		ldr	r7, [sp], #4
  60              		.cfi_restore 7
  61              		.cfi_def_cfa_offset 0
  62 0022 7047     		bx	lr
  63              		.cfi_endproc
  64              	.LFE0:
  65              		.size	DelayHundredUs, .-DelayHundredUs
  66              		.text
  67              	.Letext0:
  68              		.section	.debug_info,"",%progbits
  69              	.Ldebug_info0:
  70 0000 4D000000 		.4byte	0x4d
  71 0004 0400     		.2byte	0x4
  72 0006 00000000 		.4byte	.Ldebug_abbrev0
  73 000a 04       		.byte	0x4
  74 000b 01       		.uleb128 0x1
  75 000c 13000000 		.4byte	.LASF0
  76 0010 01       		.byte	0x1
  77 0011 07010000 		.4byte	.LASF1
  78 0015 A1000000 		.4byte	.LASF2
  79 0019 00000000 		.4byte	.Ldebug_ranges0+0
  80 001d 00000000 		.4byte	0
  81 0021 00000000 		.4byte	.Ldebug_line0
ARM GAS  C:\Users\WORKBE~1\AppData\Local\Temp\cckkcauf.s 			page 4


  82 0025 02       		.uleb128 0x2
  83 0026 EE000000 		.4byte	.LASF3
  84 002a 01       		.byte	0x1
  85 002b 51       		.byte	0x51
  86 002c 00000000 		.4byte	.LFB0
  87 0030 24000000 		.4byte	.LFE0-.LFB0
  88 0034 01       		.uleb128 0x1
  89 0035 9C       		.byte	0x9c
  90 0036 49000000 		.4byte	0x49
  91 003a 03       		.uleb128 0x3
  92 003b FD000000 		.4byte	.LASF4
  93 003f 01       		.byte	0x1
  94 0040 53       		.byte	0x53
  95 0041 49000000 		.4byte	0x49
  96 0045 02       		.uleb128 0x2
  97 0046 91       		.byte	0x91
  98 0047 76       		.sleb128 -10
  99 0048 00       		.byte	0
 100 0049 04       		.uleb128 0x4
 101 004a 02       		.byte	0x2
 102 004b 07       		.byte	0x7
 103 004c 00000000 		.4byte	.LASF5
 104 0050 00       		.byte	0
 105              		.section	.debug_abbrev,"",%progbits
 106              	.Ldebug_abbrev0:
 107 0000 01       		.uleb128 0x1
 108 0001 11       		.uleb128 0x11
 109 0002 01       		.byte	0x1
 110 0003 25       		.uleb128 0x25
 111 0004 0E       		.uleb128 0xe
 112 0005 13       		.uleb128 0x13
 113 0006 0B       		.uleb128 0xb
 114 0007 03       		.uleb128 0x3
 115 0008 0E       		.uleb128 0xe
 116 0009 1B       		.uleb128 0x1b
 117 000a 0E       		.uleb128 0xe
 118 000b 55       		.uleb128 0x55
 119 000c 17       		.uleb128 0x17
 120 000d 11       		.uleb128 0x11
 121 000e 01       		.uleb128 0x1
 122 000f 10       		.uleb128 0x10
 123 0010 17       		.uleb128 0x17
 124 0011 00       		.byte	0
 125 0012 00       		.byte	0
 126 0013 02       		.uleb128 0x2
 127 0014 2E       		.uleb128 0x2e
 128 0015 01       		.byte	0x1
 129 0016 3F       		.uleb128 0x3f
 130 0017 19       		.uleb128 0x19
 131 0018 03       		.uleb128 0x3
 132 0019 0E       		.uleb128 0xe
 133 001a 3A       		.uleb128 0x3a
 134 001b 0B       		.uleb128 0xb
 135 001c 3B       		.uleb128 0x3b
 136 001d 0B       		.uleb128 0xb
 137 001e 27       		.uleb128 0x27
 138 001f 19       		.uleb128 0x19
ARM GAS  C:\Users\WORKBE~1\AppData\Local\Temp\cckkcauf.s 			page 5


 139 0020 11       		.uleb128 0x11
 140 0021 01       		.uleb128 0x1
 141 0022 12       		.uleb128 0x12
 142 0023 06       		.uleb128 0x6
 143 0024 40       		.uleb128 0x40
 144 0025 18       		.uleb128 0x18
 145 0026 9742     		.uleb128 0x2117
 146 0028 19       		.uleb128 0x19
 147 0029 01       		.uleb128 0x1
 148 002a 13       		.uleb128 0x13
 149 002b 00       		.byte	0
 150 002c 00       		.byte	0
 151 002d 03       		.uleb128 0x3
 152 002e 34       		.uleb128 0x34
 153 002f 00       		.byte	0
 154 0030 03       		.uleb128 0x3
 155 0031 0E       		.uleb128 0xe
 156 0032 3A       		.uleb128 0x3a
 157 0033 0B       		.uleb128 0xb
 158 0034 3B       		.uleb128 0x3b
 159 0035 0B       		.uleb128 0xb
 160 0036 49       		.uleb128 0x49
 161 0037 13       		.uleb128 0x13
 162 0038 02       		.uleb128 0x2
 163 0039 18       		.uleb128 0x18
 164 003a 00       		.byte	0
 165 003b 00       		.byte	0
 166 003c 04       		.uleb128 0x4
 167 003d 24       		.uleb128 0x24
 168 003e 00       		.byte	0
 169 003f 0B       		.uleb128 0xb
 170 0040 0B       		.uleb128 0xb
 171 0041 3E       		.uleb128 0x3e
 172 0042 0B       		.uleb128 0xb
 173 0043 03       		.uleb128 0x3
 174 0044 0E       		.uleb128 0xe
 175 0045 00       		.byte	0
 176 0046 00       		.byte	0
 177 0047 00       		.byte	0
 178              		.section	.debug_aranges,"",%progbits
 179 0000 1C000000 		.4byte	0x1c
 180 0004 0200     		.2byte	0x2
 181 0006 00000000 		.4byte	.Ldebug_info0
 182 000a 04       		.byte	0x4
 183 000b 00       		.byte	0
 184 000c 0000     		.2byte	0
 185 000e 0000     		.2byte	0
 186 0010 00000000 		.4byte	.LFB0
 187 0014 24000000 		.4byte	.LFE0-.LFB0
 188 0018 00000000 		.4byte	0
 189 001c 00000000 		.4byte	0
 190              		.section	.debug_ranges,"",%progbits
 191              	.Ldebug_ranges0:
 192 0000 00000000 		.4byte	.LFB0
 193 0004 24000000 		.4byte	.LFE0
 194 0008 00000000 		.4byte	0
 195 000c 00000000 		.4byte	0
ARM GAS  C:\Users\WORKBE~1\AppData\Local\Temp\cckkcauf.s 			page 6


 196              		.section	.debug_line,"",%progbits
 197              	.Ldebug_line0:
 198 0000 44000000 		.section	.debug_str,"MS",%progbits,1
 198      02002000 
 198      00000201 
 198      FB0E0D00 
 198      01010101 
 199              	.LASF5:
 200 0000 73686F72 		.ascii	"short unsigned int\000"
 200      7420756E 
 200      7369676E 
 200      65642069 
 200      6E7400
 201              	.LASF0:
 202 0013 474E5520 		.ascii	"GNU C 4.9.3 20150303 (release) [ARM/embedded-4_9-br"
 202      4320342E 
 202      392E3320 
 202      32303135 
 202      30333033 
 203 0046 616E6368 		.ascii	"anch revision 221220] -mcpu=cortex-m3 -mthumb -g -O"
 203      20726576 
 203      6973696F 
 203      6E203232 
 203      31323230 
 204 0079 30202D66 		.ascii	"0 -ffunction-sections -ffat-lto-objects\000"
 204      66756E63 
 204      74696F6E 
 204      2D736563 
 204      74696F6E 
 205              	.LASF2:
 206 00a1 443A5C55 		.ascii	"D:\\Users\\WorkBench\\Documents\\GitHub\\BackboneHS"
 206      73657273 
 206      5C576F72 
 206      6B42656E 
 206      63685C44 
 207 00cf 53505C50 		.ascii	"SP\\Programmer\\Programmer.cydsn\000"
 207      726F6772 
 207      616D6D65 
 207      725C5072 
 207      6F677261 
 208              	.LASF3:
 209 00ee 44656C61 		.ascii	"DelayHundredUs\000"
 209      7948756E 
 209      64726564 
 209      557300
 210              	.LASF4:
 211 00fd 74696D65 		.ascii	"timestamp\000"
 211      7374616D 
 211      7000
 212              	.LASF1:
 213 0107 54696D65 		.ascii	"Timeout.c\000"
 213      6F75742E 
 213      6300
 214              		.ident	"GCC: (GNU Tools for ARM Embedded Processors) 4.9.3 20150303 (release) [ARM/embedded-4_9-br
