--------------- Rebuild Started: 11/28/2016 18:24:09 Project: C_Hssp_TimeoutCalc, Configuration: ARM GCC 4.9-2015-q1-update Debug ---------------
Deleting file ".\CortexM3\ARM_GCC_493\Debug\main.o"
Deleting file ".\CortexM3\ARM_GCC_493\Debug\SWD_PacketLayer.o"
Deleting file ".\CortexM3\ARM_GCC_493\Debug\SWD_PhysicalLayer.o"
Deleting file ".\CortexM3\ARM_GCC_493\Debug\SWD_UpperPacketLayer.o"
Deleting file ".\CortexM3\ARM_GCC_493\Debug\TimeoutCalc.o"
Deleting file ".\CortexM3\ARM_GCC_493\Debug\cyfitter_cfg.o"
Deleting file ".\CortexM3\ARM_GCC_493\Debug\cymetadata.o"
Deleting file ".\CortexM3\ARM_GCC_493\Debug\Pin_SWDCK.o"
Deleting file ".\CortexM3\ARM_GCC_493\Debug\Pin_XRES.o"
Deleting file ".\CortexM3\ARM_GCC_493\Debug\Pin_SWDIO.o"
Deleting file ".\CortexM3\ARM_GCC_493\Debug\Pin_Test.o"
Deleting file ".\CortexM3\ARM_GCC_493\Debug\Cm3Start.o"
Deleting file ".\CortexM3\ARM_GCC_493\Debug\CyBootAsmGnu.o"
Deleting file ".\CortexM3\ARM_GCC_493\Debug\CyDmac.o"
Deleting file ".\CortexM3\ARM_GCC_493\Debug\CyFlash.o"
Deleting file ".\CortexM3\ARM_GCC_493\Debug\CyLib.o"
Deleting file ".\CortexM3\ARM_GCC_493\Debug\cyPm.o"
Deleting file ".\CortexM3\ARM_GCC_493\Debug\CySpc.o"
Deleting file ".\CortexM3\ARM_GCC_493\Debug\cyutils.o"
Deleting file ".\CortexM3\ARM_GCC_493\Debug\C_Hssp_TimeoutCalc.hex"
Deleting file ".\CortexM3\ARM_GCC_493\Debug\C_Hssp_TimeoutCalc.elf"
Deleting file ".\CortexM3\ARM_GCC_493\Debug\C_Hssp_TimeoutCalc.map"
Deleting file ".\C_Hssp_TimeoutCalc.cycdx"
Deleting file ".\C_Hssp_TimeoutCalc.rpt"
Deleting file ".\C_Hssp_TimeoutCalc_timing.html"
Deleting file ".\CortexM3\ARM_GCC_493\Debug\.deps\SOURCE_C__ARM_GCC_GENERIC.P"
Deleting file ".\CortexM3\ARM_GCC_493\Debug\.deps\SOURCE_ASM__ARM_GCC_GENERIC.P"
cydsfit.exe -.appdatapath "C:\Users\WorkBench\AppData\Local\Cypress Semiconductor\PSoC Creator\4.0" -.fdsnotice -.fdswarpdepfile=warp_dependencies.txt -.fdselabdepfile=elab_dependencies.txt -.fdsbldfile=generated_files.txt -.fdsreffile=referenced_files.txt -p "\\GEORGE-OFFICE2\Users\George\Box Sync\Backbone\Design\Testing\TestStation\Software\HSSP\AN84858\C_Hssp_TimeoutCalc.cydsn\C_Hssp_TimeoutCalc.cyprj" -d CY8C5888LTI-LP097 -s "\\GEORGE-OFFICE2\Users\George\Box Sync\Backbone\Design\Testing\TestStation\Software\HSSP\AN84858\C_Hssp_TimeoutCalc.cydsn\Generated_Source\PSoC5" -- -yv2 -q10 -ygs -o2 -v3 -.fftcfgtype=LE
Elaborating Design...
HDL Generation...
Synthesis...
Tech Mapping...
Analog Placement...
Analog Routing...
Analog Code Generation...
Digital Placement...
Digital Routing...
Bitstream Generation...
Bitstream Verification...
Static timing analysis...
API Generation...
Dependency Generation...
Cleanup...
arm-none-eabi-gcc.exe -mcpu=cortex-m3 -mthumb -I. -IGenerated_Source\PSoC5 -Wa,-alh=.\CortexM3\ARM_GCC_493\Debug/main.lst -g -D DEBUG -Wall -ffunction-sections -O0 -ffat-lto-objects -c main.c -o .\CortexM3\ARM_GCC_493\Debug\main.o
main.c:72:6: warning: return type of 'main' is not 'int' [-Wmain]
 void main()
      ^
arm-none-eabi-gcc.exe -mcpu=cortex-m3 -mthumb -I. -IGenerated_Source\PSoC5 -Wa,-alh=.\CortexM3\ARM_GCC_493\Debug/SWD_PacketLayer.lst -g -D DEBUG -Wall -ffunction-sections -O0 -ffat-lto-objects -c SWD_PacketLayer.c -o .\CortexM3\ARM_GCC_493\Debug\SWD_PacketLayer.o
arm-none-eabi-gcc.exe -mcpu=cortex-m3 -mthumb -I. -IGenerated_Source\PSoC5 -Wa,-alh=.\CortexM3\ARM_GCC_493\Debug/SWD_PhysicalLayer.lst -g -D DEBUG -Wall -ffunction-sections -O0 -ffat-lto-objects -c SWD_PhysicalLayer.c -o .\CortexM3\ARM_GCC_493\Debug\SWD_PhysicalLayer.o
arm-none-eabi-gcc.exe -mcpu=cortex-m3 -mthumb -I. -IGenerated_Source\PSoC5 -Wa,-alh=.\CortexM3\ARM_GCC_493\Debug/SWD_UpperPacketLayer.lst -g -D DEBUG -Wall -ffunction-sections -O0 -ffat-lto-objects -c SWD_UpperPacketLayer.c -o .\CortexM3\ARM_GCC_493\Debug\SWD_UpperPacketLayer.o
arm-none-eabi-gcc.exe -mcpu=cortex-m3 -mthumb -I. -IGenerated_Source\PSoC5 -Wa,-alh=.\CortexM3\ARM_GCC_493\Debug/TimeoutCalc.lst -g -D DEBUG -Wall -ffunction-sections -O0 -ffat-lto-objects -c TimeoutCalc.c -o .\CortexM3\ARM_GCC_493\Debug\TimeoutCalc.o
arm-none-eabi-gcc.exe -mcpu=cortex-m3 -mthumb -I. -IGenerated_Source\PSoC5 -Wa,-alh=.\CortexM3\ARM_GCC_493\Debug/cyfitter_cfg.lst -g -D DEBUG -Wall -ffunction-sections -O0 -ffat-lto-objects -c Generated_Source\PSoC5\cyfitter_cfg.c -o .\CortexM3\ARM_GCC_493\Debug\cyfitter_cfg.o
arm-none-eabi-gcc.exe -mcpu=cortex-m3 -mthumb -I. -IGenerated_Source\PSoC5 -Wa,-alh=.\CortexM3\ARM_GCC_493\Debug/cymetadata.lst -g -D DEBUG -Wall -ffunction-sections -O0 -ffat-lto-objects -c Generated_Source\PSoC5\cymetadata.c -o .\CortexM3\ARM_GCC_493\Debug\cymetadata.o
arm-none-eabi-gcc.exe -mcpu=cortex-m3 -mthumb -I. -IGenerated_Source\PSoC5 -Wa,-alh=.\CortexM3\ARM_GCC_493\Debug/Pin_SWDCK.lst -g -D DEBUG -Wall -ffunction-sections -O0 -ffat-lto-objects -c Generated_Source\PSoC5\Pin_SWDCK.c -o .\CortexM3\ARM_GCC_493\Debug\Pin_SWDCK.o
arm-none-eabi-gcc.exe -mcpu=cortex-m3 -mthumb -I. -IGenerated_Source\PSoC5 -Wa,-alh=.\CortexM3\ARM_GCC_493\Debug/Pin_XRES.lst -g -D DEBUG -Wall -ffunction-sections -O0 -ffat-lto-objects -c Generated_Source\PSoC5\Pin_XRES.c -o .\CortexM3\ARM_GCC_493\Debug\Pin_XRES.o
arm-none-eabi-gcc.exe -mcpu=cortex-m3 -mthumb -I. -IGenerated_Source\PSoC5 -Wa,-alh=.\CortexM3\ARM_GCC_493\Debug/Pin_SWDIO.lst -g -D DEBUG -Wall -ffunction-sections -O0 -ffat-lto-objects -c Generated_Source\PSoC5\Pin_SWDIO.c -o .\CortexM3\ARM_GCC_493\Debug\Pin_SWDIO.o
arm-none-eabi-gcc.exe -mcpu=cortex-m3 -mthumb -I. -IGenerated_Source\PSoC5 -Wa,-alh=.\CortexM3\ARM_GCC_493\Debug/Pin_Test.lst -g -D DEBUG -Wall -ffunction-sections -O0 -ffat-lto-objects -c Generated_Source\PSoC5\Pin_Test.c -o .\CortexM3\ARM_GCC_493\Debug\Pin_Test.o
arm-none-eabi-gcc.exe -mcpu=cortex-m3 -mthumb -I. -IGenerated_Source\PSoC5 -Wa,-alh=.\CortexM3\ARM_GCC_493\Debug/Cm3Start.lst -g -D DEBUG -Wall -ffunction-sections -O0 -ffat-lto-objects -c Generated_Source\PSoC5\Cm3Start.c -o .\CortexM3\ARM_GCC_493\Debug\Cm3Start.o
arm-none-eabi-gcc.exe -mcpu=cortex-m3 -mthumb -I. -IGenerated_Source\PSoC5 -Wa,-alh=.\CortexM3\ARM_GCC_493\Debug/CyDmac.lst -g -D DEBUG -Wall -ffunction-sections -O0 -ffat-lto-objects -c Generated_Source\PSoC5\CyDmac.c -o .\CortexM3\ARM_GCC_493\Debug\CyDmac.o
arm-none-eabi-gcc.exe -mcpu=cortex-m3 -mthumb -I. -IGenerated_Source\PSoC5 -Wa,-alh=.\CortexM3\ARM_GCC_493\Debug/CyFlash.lst -g -D DEBUG -Wall -ffunction-sections -O0 -ffat-lto-objects -c Generated_Source\PSoC5\CyFlash.c -o .\CortexM3\ARM_GCC_493\Debug\CyFlash.o
arm-none-eabi-gcc.exe -mcpu=cortex-m3 -mthumb -I. -IGenerated_Source\PSoC5 -Wa,-alh=.\CortexM3\ARM_GCC_493\Debug/CyLib.lst -g -D DEBUG -Wall -ffunction-sections -O0 -ffat-lto-objects -c Generated_Source\PSoC5\CyLib.c -o .\CortexM3\ARM_GCC_493\Debug\CyLib.o
arm-none-eabi-gcc.exe -mcpu=cortex-m3 -mthumb -I. -IGenerated_Source\PSoC5 -Wa,-alh=.\CortexM3\ARM_GCC_493\Debug/cyPm.lst -g -D DEBUG -Wall -ffunction-sections -O0 -ffat-lto-objects -c Generated_Source\PSoC5\cyPm.c -o .\CortexM3\ARM_GCC_493\Debug\cyPm.o
arm-none-eabi-gcc.exe -mcpu=cortex-m3 -mthumb -I. -IGenerated_Source\PSoC5 -Wa,-alh=.\CortexM3\ARM_GCC_493\Debug/CySpc.lst -g -D DEBUG -Wall -ffunction-sections -O0 -ffat-lto-objects -c Generated_Source\PSoC5\CySpc.c -o .\CortexM3\ARM_GCC_493\Debug\CySpc.o
arm-none-eabi-gcc.exe -mcpu=cortex-m3 -mthumb -I. -IGenerated_Source\PSoC5 -Wa,-alh=.\CortexM3\ARM_GCC_493\Debug/cyutils.lst -g -D DEBUG -Wall -ffunction-sections -O0 -ffat-lto-objects -c Generated_Source\PSoC5\cyutils.c -o .\CortexM3\ARM_GCC_493\Debug\cyutils.o
arm-none-eabi-as.exe -mcpu=cortex-m3 -mthumb -I. -IGenerated_Source\PSoC5 -alh=.\CortexM3\ARM_GCC_493\Debug/CyBootAsmGnu.lst -g -o .\CortexM3\ARM_GCC_493\Debug\CyBootAsmGnu.o Generated_Source\PSoC5\CyBootAsmGnu.s
arm-none-eabi-ar.exe -rs .\CortexM3\ARM_GCC_493\Debug\C_Hssp_TimeoutCalc.a .\CortexM3\ARM_GCC_493\Debug\cyfitter_cfg.o .\CortexM3\ARM_GCC_493\Debug\Pin_SWDCK.o .\CortexM3\ARM_GCC_493\Debug\Pin_XRES.o .\CortexM3\ARM_GCC_493\Debug\Pin_SWDIO.o .\CortexM3\ARM_GCC_493\Debug\Pin_Test.o .\CortexM3\ARM_GCC_493\Debug\CyDmac.o .\CortexM3\ARM_GCC_493\Debug\CyFlash.o .\CortexM3\ARM_GCC_493\Debug\CyLib.o .\CortexM3\ARM_GCC_493\Debug\cyPm.o .\CortexM3\ARM_GCC_493\Debug\CySpc.o .\CortexM3\ARM_GCC_493\Debug\cyutils.o .\CortexM3\ARM_GCC_493\Debug\CyBootAsmGnu.o
arm-none-eabi-ar.exe: creating .\CortexM3\ARM_GCC_493\Debug\C_Hssp_TimeoutCalc.a
arm-none-eabi-gcc.exe -Wl,--start-group -o .\CortexM3\ARM_GCC_493\Debug\C_Hssp_TimeoutCalc.elf .\CortexM3\ARM_GCC_493\Debug\main.o .\CortexM3\ARM_GCC_493\Debug\SWD_PacketLayer.o .\CortexM3\ARM_GCC_493\Debug\SWD_PhysicalLayer.o .\CortexM3\ARM_GCC_493\Debug\SWD_UpperPacketLayer.o .\CortexM3\ARM_GCC_493\Debug\TimeoutCalc.o .\CortexM3\ARM_GCC_493\Debug\cymetadata.o .\CortexM3\ARM_GCC_493\Debug\Cm3Start.o .\CortexM3\ARM_GCC_493\Debug\C_Hssp_TimeoutCalc.a "C:\Program Files\Cypress\PSoC Creator\4.0\PSoC Creator\psoc\content\cycomponentlibrary\CyComponentLibrary.cylib\CortexM3\ARM_GCC_493\Debug\CyComponentLibrary.a" -mcpu=cortex-m3 -mthumb -g -ffunction-sections -O0 -ffat-lto-objects -L Generated_Source\PSoC5 -Wl,-Map,.\CortexM3\ARM_GCC_493\Debug/C_Hssp_TimeoutCalc.map -T "\\GEORGE-OFFICE2\Users\George\Box Sync\Backbone\Design\Testing\TestStation\Software\HSSP\AN84858\C_Hssp_TimeoutCalc.cydsn\Generated_Source\PSoC5\cm3gcc.ld" -specs=nano.specs -Wl,--gc-sections -Wl,--end-group
cyelftool.exe -C "\\GEORGE-OFFICE2\Users\George\Box Sync\Backbone\Design\Testing\TestStation\Software\HSSP\AN84858\C_Hssp_TimeoutCalc.cydsn\CortexM3\ARM_GCC_493\Debug\C_Hssp_TimeoutCalc.elf" --flash_row_size 256 --flash_size 262144
cyelftool.exe -S "\\GEORGE-OFFICE2\Users\George\Box Sync\Backbone\Design\Testing\TestStation\Software\HSSP\AN84858\C_Hssp_TimeoutCalc.cydsn\CortexM3\ARM_GCC_493\Debug\C_Hssp_TimeoutCalc.elf"
Flash used: 3110 of 262144 bytes (1.2 %).
SRAM used: 20885 of 65536 bytes (31.9 %). Stack: 16384 bytes. Heap: 4096 bytes.
--------------- Rebuild Succeeded: 11/28/2016 18:24:38 ---------------
